____________________________
the step now is  0
the time is 0625202232
the memory is 0
the e_greedy is 1
____________________________
find food for 1 times 50
find food for 2 times 50
loss back is 0
loss back is 0
find food for 3 times 50
find food for 4 times 50
find food for 5 times 50
____________________________
the step now is  1875
the time is 0625202232
the memory is 1880
the e_greedy is 0.998026949029178
____________________________
loss back is 0
loss back is 0
find food for 6 times 50
loss back is 0
loss back is 0
find food for 7 times 50
find food for 8 times 50
find food for 9 times 50
find food for 10 times 50
____________________________
the step now is  3732
the time is 0625202233
the memory is 3742
the e_greedy is 0.9961753327426531
____________________________
find food for 11 times 50
loss back is 0
loss back is 0
find food for 12 times 50
find food for 13 times 50
find food for 14 times 50
loss back is 0
loss back is 0
find food for 15 times 50
find food for 16 times 50
____________________________
the step now is  5331
the time is 0625202235
the memory is 5347
the e_greedy is 0.994583721218131
____________________________
find food for 17 times 50
find food for 18 times 50
find food for 19 times 50
loss back is tensor(0.4636, grad_fn=<DivBackward0>)
loss back is [tensor(-0.0074, grad_fn=<GatherBackward>), tensor(-0.0067, grad_fn=<GatherBackward>), tensor(-0.0079, grad_fn=<GatherBackward>), tensor(0.4459, grad_fn=<GatherBackward>), tensor(-0.0132, grad_fn=<GatherBackward>)]
find food for 20 times 50
find food for 21 times 50
____________________________
the step now is  6691
the time is 0625202244
the memory is 6712
the e_greedy is 0.9932320067314695
____________________________
find food for 22 times 50
loss back is tensor(0.7845, grad_fn=<DivBackward0>)
loss back is [tensor(-0.0026, grad_fn=<GatherBackward>), tensor(-0.0040, grad_fn=<GatherBackward>), tensor(-0.0022, grad_fn=<GatherBackward>), tensor(-0.0012, grad_fn=<GatherBackward>), tensor(-0.0035, grad_fn=<GatherBackward>)]
find food for 23 times 50
find food for 24 times 50
find food for 25 times 50
find food for 26 times 50
find food for 27 times 50
loss back is tensor(0.8415, grad_fn=<DivBackward0>)
loss back is [tensor(-0.0057, grad_fn=<GatherBackward>), tensor(-0.0149, grad_fn=<GatherBackward>), tensor(-0.0078, grad_fn=<GatherBackward>), tensor(-0.0024, grad_fn=<GatherBackward>), tensor(-0.0142, grad_fn=<GatherBackward>)]
find food for 28 times 50
____________________________
the step now is  8186
the time is 0625202254
the memory is 8214
the e_greedy is 0.9917482342776709
____________________________
find food for 29 times 50
find food for 30 times 50
find food for 31 times 50
find food for 32 times 50
find food for 33 times 50
loss back is tensor(0.9717, grad_fn=<DivBackward0>)
loss back is [tensor(-0.0157, grad_fn=<GatherBackward>), tensor(-4.0552e-05, grad_fn=<GatherBackward>), tensor(-0.0021, grad_fn=<GatherBackward>), tensor(-0.0051, grad_fn=<GatherBackward>), tensor(-0.0097, grad_fn=<GatherBackward>)]
find food for 34 times 50
find food for 35 times 50
____________________________
the step now is  9342
the time is 0625202301
the memory is 9377
the e_greedy is 0.990602435718011
____________________________
find food for 36 times 50
find food for 37 times 50
find food for 38 times 50
find food for 39 times 50
loss back is tensor(0.9874, grad_fn=<DivBackward0>)
loss back is [tensor(-0.0239, grad_fn=<GatherBackward>), tensor(-0.0030, grad_fn=<GatherBackward>), tensor(-0.0164, grad_fn=<GatherBackward>), tensor(-0.0242, grad_fn=<GatherBackward>), tensor(-0.0130, grad_fn=<GatherBackward>)]
find food for 40 times 50
find food for 41 times 50
find food for 42 times 50
find food for 43 times 50
find food for 44 times 50
____________________________
the step now is  10549
the time is 0625202309
the memory is 10593
the e_greedy is 0.9894074998669556
____________________________
find food for 45 times 50
find food for 46 times 50
loss back is tensor(0.9546, grad_fn=<DivBackward0>)
loss back is [tensor(-0.0138, grad_fn=<GatherBackward>), tensor(-0.0064, grad_fn=<GatherBackward>), tensor(-0.0081, grad_fn=<GatherBackward>), tensor(-0.0122, grad_fn=<GatherBackward>), tensor(-0.0128, grad_fn=<GatherBackward>)]
find food for 47 times 50
find food for 48 times 50
loss back is tensor(0.9726, grad_fn=<DivBackward0>)
loss back is [tensor(-0.0041, grad_fn=<GatherBackward>), tensor(-0.0137, grad_fn=<GatherBackward>), tensor(-0.0074, grad_fn=<GatherBackward>), tensor(-0.0283, grad_fn=<GatherBackward>), tensor(-0.0052, grad_fn=<GatherBackward>)]
____________________________
the step now is  12200
the time is 0625202320
the memory is 12248
the e_greedy is 0.9877753358068531
____________________________
find food for 49 times 50
loss back is tensor(50.9402, grad_fn=<DivBackward0>)
loss back is [tensor(-0.0119, grad_fn=<GatherBackward>), tensor(-0.0047, grad_fn=<GatherBackward>), tensor(-0.0100, grad_fn=<GatherBackward>), tensor(-0.0028, grad_fn=<GatherBackward>), tensor(-0.0216, grad_fn=<GatherBackward>)]
find food for 50 times 50
find food for 51 times 50
find food for 52 times 50
____________________________
the step now is  13887
the time is 0625202331
the memory is 13939
the e_greedy is 0.986110363614263
____________________________
loss back is tensor(50.9435, grad_fn=<DivBackward0>)
loss back is [tensor(-0.0070, grad_fn=<GatherBackward>), tensor(-0.0067, grad_fn=<GatherBackward>), tensor(-0.0106, grad_fn=<GatherBackward>), tensor(-0.0005, grad_fn=<GatherBackward>), tensor(-0.0049, grad_fn=<GatherBackward>)]
find food for 53 times 50
loss back is tensor(50.9530, grad_fn=<DivBackward0>)
loss back is [tensor(-0.0073, grad_fn=<GatherBackward>), tensor(-0.0104, grad_fn=<GatherBackward>), tensor(-0.0065, grad_fn=<GatherBackward>), tensor(-0.0042, grad_fn=<GatherBackward>), tensor(-0.0097, grad_fn=<GatherBackward>)]
find food for 54 times 50
____________________________
the step now is  15899
the time is 0625202344
the memory is 15953
the e_greedy is 0.9841283041830973
____________________________
loss back is tensor(50.9546, grad_fn=<DivBackward0>)
loss back is [tensor(-0.0131, grad_fn=<GatherBackward>), tensor(-0.0007, grad_fn=<GatherBackward>), tensor(-0.0171, grad_fn=<GatherBackward>), tensor(-0.0125, grad_fn=<GatherBackward>), tensor(-0.0052, grad_fn=<GatherBackward>)]
find food for 55 times 50
find food for 56 times 50
loss back is tensor(0.9840, grad_fn=<DivBackward0>)
loss back is [tensor(-0.0119, grad_fn=<GatherBackward>), tensor(-0.0024, grad_fn=<GatherBackward>), tensor(0.2010, grad_fn=<GatherBackward>), tensor(-0.0012, grad_fn=<GatherBackward>), tensor(-0.0240, grad_fn=<GatherBackward>)]
find food for 57 times 50
loss back is tensor(50.9585, grad_fn=<DivBackward0>)
loss back is [tensor(-0.0075, grad_fn=<GatherBackward>), tensor(-0.0103, grad_fn=<GatherBackward>), tensor(-0.0164, grad_fn=<GatherBackward>), tensor(-0.0071, grad_fn=<GatherBackward>), tensor(-0.0015, grad_fn=<GatherBackward>)]
____________________________
the step now is  18056
the time is 0625202359
the memory is 18113
the e_greedy is 0.9820078271875669
____________________________
find food for 58 times 50
find food for 59 times 50
loss back is tensor(0.9743, grad_fn=<DivBackward0>)
loss back is [tensor(-0.0267, grad_fn=<GatherBackward>), tensor(-0.0093, grad_fn=<GatherBackward>), tensor(-0.0052, grad_fn=<GatherBackward>), tensor(-0.0012, grad_fn=<GatherBackward>), tensor(-0.0232, grad_fn=<GatherBackward>)]
find food for 60 times 50
find food for 61 times 50
____________________________
the step now is  19869
the time is 0625202410
the memory is 19930
the e_greedy is 0.9802290599366181
____________________________
loss back is tensor(0.9427, grad_fn=<DivBackward0>)
loss back is [tensor(-0.0158, grad_fn=<GatherBackward>), tensor(-0.0161, grad_fn=<GatherBackward>), tensor(-0.0050, grad_fn=<GatherBackward>), tensor(-0.0187, grad_fn=<GatherBackward>), tensor(-0.0108, grad_fn=<GatherBackward>)]
find food for 62 times 50
find food for 63 times 50
find food for 64 times 50
find food for 65 times 50
loss back is tensor(0.9779, grad_fn=<DivBackward0>)
loss back is [tensor(-0.0142, grad_fn=<GatherBackward>), tensor(-0.0111, grad_fn=<GatherBackward>), tensor(-0.0094, grad_fn=<GatherBackward>), tensor(-0.0190, grad_fn=<GatherBackward>), tensor(-0.0060, grad_fn=<GatherBackward>)]
find food for 66 times 50
find food for 67 times 50
____________________________
the step now is  21485
the time is 0625202421
the memory is 21552
the e_greedy is 0.9786462889991228
____________________________
find food for 68 times 50
find food for 69 times 50
loss back is tensor(0.9779, grad_fn=<DivBackward0>)
loss back is [tensor(-0.0046, grad_fn=<GatherBackward>), tensor(-0.0169, grad_fn=<GatherBackward>), tensor(-0.0035, grad_fn=<GatherBackward>), tensor(0.0202, grad_fn=<GatherBackward>), tensor(-0.0142, grad_fn=<GatherBackward>)]
find food for 70 times 50
find food for 71 times 50
find food for 72 times 50
find food for 73 times 50
find food for 74 times 50
____________________________
the step now is  22880
the time is 0625202430
the memory is 22954
the e_greedy is 0.9772820292184063
____________________________
loss back is tensor(50.9652, grad_fn=<DivBackward0>)
loss back is [tensor(-0.0125, grad_fn=<GatherBackward>), tensor(-0.0187, grad_fn=<GatherBackward>), tensor(-0.0209, grad_fn=<GatherBackward>), tensor(-0.0133, grad_fn=<GatherBackward>), tensor(-0.0062, grad_fn=<GatherBackward>)]
find food for 75 times 50
find food for 76 times 50
find food for 77 times 50
loss back is tensor(0.9894, grad_fn=<DivBackward0>)
loss back is [tensor(-0.0064, grad_fn=<GatherBackward>), tensor(-0.0136, grad_fn=<GatherBackward>), tensor(-0.0043, grad_fn=<GatherBackward>), tensor(-0.0243, grad_fn=<GatherBackward>), tensor(-0.0044, grad_fn=<GatherBackward>)]
find food for 78 times 50
find food for 79 times 50
find food for 80 times 50
find food for 81 times 50
____________________________
the step now is  24461
the time is 0625202441
the memory is 24542
the e_greedy is 0.975738167074818
____________________________
loss back is tensor(50.9724, grad_fn=<DivBackward0>)
loss back is [tensor(-0.0055, grad_fn=<GatherBackward>), tensor(-0.0087, grad_fn=<GatherBackward>), tensor(-0.0168, grad_fn=<GatherBackward>), tensor(-0.0008, grad_fn=<GatherBackward>), tensor(-0.0085, grad_fn=<GatherBackward>)]
find food for 82 times 50
find food for 83 times 50
find food for 84 times 50
find food for 85 times 50
loss back is tensor(0.9860, grad_fn=<DivBackward0>)
loss back is [tensor(-0.0103, grad_fn=<GatherBackward>), tensor(-0.0091, grad_fn=<GatherBackward>), tensor(-0.0041, grad_fn=<GatherBackward>), tensor(-0.0081, grad_fn=<GatherBackward>), tensor(-0.0042, grad_fn=<GatherBackward>)]
____________________________
the step now is  26315
the time is 0625202453
the memory is 26400
the e_greedy is 0.9739308244373868
____________________________
find food for 86 times 50
find food for 87 times 50
find food for 88 times 50
loss back is tensor(0.9815, grad_fn=<DivBackward0>)
loss back is [tensor(0.0582, grad_fn=<GatherBackward>), tensor(-0.0092, grad_fn=<GatherBackward>), tensor(-0.0101, grad_fn=<GatherBackward>), tensor(-0.0192, grad_fn=<GatherBackward>), tensor(-0.0280, grad_fn=<GatherBackward>)]
find food for 89 times 50
loss back is tensor(50.9640, grad_fn=<DivBackward0>)
loss back is [tensor(-0.0171, grad_fn=<GatherBackward>), tensor(-0.0129, grad_fn=<GatherBackward>), tensor(-0.0110, grad_fn=<GatherBackward>), tensor(-0.0156, grad_fn=<GatherBackward>), tensor(-0.0202, grad_fn=<GatherBackward>)]
____________________________
the step now is  28190
the time is 0625202506
the memory is 28279
the e_greedy is 0.9721064150598531
____________________________
find food for 90 times 50
find food for 91 times 50
find food for 92 times 50
find food for 93 times 50
find food for 94 times 50
loss back is tensor(0.9796, grad_fn=<DivBackward0>)
loss back is [tensor(-0.0142, grad_fn=<GatherBackward>), tensor(-0.0106, grad_fn=<GatherBackward>), tensor(-0.0177, grad_fn=<GatherBackward>), tensor(-0.0097, grad_fn=<GatherBackward>), tensor(-0.0077, grad_fn=<GatherBackward>)]
find food for 95 times 50
____________________________
the step now is  29792
the time is 0625202517
the memory is 29887
the e_greedy is 0.9705503473259736
____________________________
loss back is tensor(0.9735, grad_fn=<DivBackward0>)
loss back is [tensor(-0.0403, grad_fn=<GatherBackward>), tensor(-0.0081, grad_fn=<GatherBackward>), tensor(-0.0056, grad_fn=<GatherBackward>), tensor(-0.0125, grad_fn=<GatherBackward>), tensor(-0.0142, grad_fn=<GatherBackward>)]
find food for 96 times 50
find food for 97 times 50
find food for 98 times 50
loss back is tensor(0.9793, grad_fn=<DivBackward0>)
loss back is [tensor(-0.0142, grad_fn=<GatherBackward>), tensor(-0.0132, grad_fn=<GatherBackward>), tensor(-0.0122, grad_fn=<GatherBackward>), tensor(-0.0094, grad_fn=<GatherBackward>), tensor(-0.0135, grad_fn=<GatherBackward>)]
find food for 99 times 50
find food for 100 times 50
find food for 101 times 50
____________________________
the step now is  31275
the time is 0625202527
the memory is 31376
the e_greedy is 0.9691120878938537
____________________________
find food for 102 times 50
find food for 103 times 50
loss back is tensor(0.9827, grad_fn=<DivBackward0>)
loss back is [tensor(-0.0015, grad_fn=<GatherBackward>), tensor(-0.0365, grad_fn=<GatherBackward>), tensor(-0.0171, grad_fn=<GatherBackward>), tensor(-0.0065, grad_fn=<GatherBackward>), tensor(-0.0017, grad_fn=<GatherBackward>)]
find food for 104 times 50
find food for 105 times 50
find food for 106 times 50
find food for 107 times 50
find food for 108 times 50
____________________________
the step now is  32771
the time is 0625202537
the memory is 32879
the e_greedy is 0.9676633801139698
____________________________
find food for 109 times 50
loss back is tensor(50.2875, grad_fn=<DivBackward0>)
loss back is [tensor(-0.0073, grad_fn=<GatherBackward>), tensor(-0.0057, grad_fn=<GatherBackward>), tensor(-0.0062, grad_fn=<GatherBackward>), tensor(-0.0178, grad_fn=<GatherBackward>), tensor(-0.0103, grad_fn=<GatherBackward>)]
find food for 110 times 50
find food for 111 times 50
find food for 112 times 50
loss back is tensor(0.9818, grad_fn=<DivBackward0>)
loss back is [tensor(-0.0203, grad_fn=<GatherBackward>), tensor(-0.0137, grad_fn=<GatherBackward>), tensor(-0.0170, grad_fn=<GatherBackward>), tensor(-0.0178, grad_fn=<GatherBackward>), tensor(-0.0102, grad_fn=<GatherBackward>)]
find food for 113 times 50
____________________________
the step now is  34574
the time is 0625202550
the memory is 34687
the e_greedy is 0.9659202549391832
____________________________
find food for 114 times 50
loss back is tensor(0.9749, grad_fn=<DivBackward0>)
loss back is [tensor(-0.0255, grad_fn=<GatherBackward>), tensor(-0.0139, grad_fn=<GatherBackward>), tensor(-0.0033, grad_fn=<GatherBackward>), tensor(-0.0060, grad_fn=<GatherBackward>), tensor(-0.0222, grad_fn=<GatherBackward>)]
find food for 115 times 50
find food for 116 times 50
find food for 117 times 50
find food for 118 times 50
loss back is tensor(0.9683, grad_fn=<DivBackward0>)
loss back is [tensor(-0.0108, grad_fn=<GatherBackward>), tensor(-0.0184, grad_fn=<GatherBackward>), tensor(-0.0128, grad_fn=<GatherBackward>), tensor(-0.0022, grad_fn=<GatherBackward>), tensor(-0.0133, grad_fn=<GatherBackward>)]
find food for 119 times 50
____________________________
the step now is  36253
the time is 0625202601
the memory is 36372
the e_greedy is 0.9642998355538833
____________________________
find food for 120 times 50
find food for 121 times 50
find food for 122 times 50
loss back is tensor(0.9694, grad_fn=<DivBackward0>)
loss back is [tensor(-0.0122, grad_fn=<GatherBackward>), tensor(-0.0080, grad_fn=<GatherBackward>), tensor(-0.0130, grad_fn=<GatherBackward>), tensor(-0.0134, grad_fn=<GatherBackward>), tensor(-0.0107, grad_fn=<GatherBackward>)]
find food for 123 times 50
find food for 124 times 50
find food for 125 times 50
find food for 126 times 50
find food for 127 times 50
____________________________
the step now is  37430
the time is 0625202609
the memory is 37557
the e_greedy is 0.9631655223217233
____________________________
find food for 128 times 50
find food for 129 times 50
loss back is tensor(0.9710, grad_fn=<DivBackward0>)
loss back is [tensor(-0.0317, grad_fn=<GatherBackward>), tensor(-0.0108, grad_fn=<GatherBackward>), tensor(-0.0135, grad_fn=<GatherBackward>), tensor(-0.0070, grad_fn=<GatherBackward>), tensor(-0.0121, grad_fn=<GatherBackward>)]
find food for 130 times 50
find food for 131 times 50
loss back is tensor(0.9836, grad_fn=<DivBackward0>)
loss back is [tensor(-0.0174, grad_fn=<GatherBackward>), tensor(-0.0162, grad_fn=<GatherBackward>), tensor(-0.0183, grad_fn=<GatherBackward>), tensor(-0.0097, grad_fn=<GatherBackward>), tensor(-0.0055, grad_fn=<GatherBackward>)]
____________________________
the step now is  39352
the time is 0625202622
the memory is 39483
the e_greedy is 0.9613160960557905
____________________________
find food for 132 times 50
find food for 133 times 50
find food for 134 times 50
loss back is tensor(0.9865, grad_fn=<DivBackward0>)
loss back is [tensor(-0.0143, grad_fn=<GatherBackward>), tensor(-0.0148, grad_fn=<GatherBackward>), tensor(-0.0237, grad_fn=<GatherBackward>), tensor(-0.0067, grad_fn=<GatherBackward>), tensor(-0.0185, grad_fn=<GatherBackward>)]
find food for 135 times 50
find food for 136 times 50
loss back is tensor(0.9862, grad_fn=<DivBackward0>)
loss back is [tensor(-0.0181, grad_fn=<GatherBackward>), tensor(-0.0160, grad_fn=<GatherBackward>), tensor(-0.0202, grad_fn=<GatherBackward>), tensor(-0.0143, grad_fn=<GatherBackward>), tensor(-0.0117, grad_fn=<GatherBackward>)]
find food for 137 times 50
____________________________
the step now is  41027
the time is 0625202634
the memory is 41164
the e_greedy is 0.9597072393885099
____________________________
find food for 138 times 50
loss back is tensor(0.9802, grad_fn=<DivBackward0>)
loss back is [tensor(-0.0203, grad_fn=<GatherBackward>), tensor(-0.0160, grad_fn=<GatherBackward>), tensor(-0.0029, grad_fn=<GatherBackward>), tensor(-0.0272, grad_fn=<GatherBackward>), tensor(-0.0106, grad_fn=<GatherBackward>)]
find food for 139 times 50
find food for 140 times 50
find food for 141 times 50
____________________________
the step now is  42708
the time is 0625202645
the memory is 42849
the e_greedy is 0.9580953267112763
____________________________
find food for 142 times 50
find food for 143 times 50
loss back is tensor(0.9683, grad_fn=<DivBackward0>)
loss back is [tensor(-0.0161, grad_fn=<GatherBackward>), tensor(-0.0126, grad_fn=<GatherBackward>), tensor(-0.0101, grad_fn=<GatherBackward>), tensor(-0.0285, grad_fn=<GatherBackward>), tensor(-0.0220, grad_fn=<GatherBackward>)]
find food for 144 times 50
find food for 145 times 50
find food for 146 times 50
find food for 147 times 50
find food for 148 times 50
find food for 149 times 50
____________________________
the step now is  43695
the time is 0625202652
the memory is 43844
the e_greedy is 0.9571501531436978
____________________________
find food for 150 times 50
loss back is tensor(50.9773, grad_fn=<DivBackward0>)
loss back is [tensor(-0.0216, grad_fn=<GatherBackward>), tensor(-0.0256, grad_fn=<GatherBackward>), tensor(-0.0131, grad_fn=<GatherBackward>), tensor(-0.0060, grad_fn=<GatherBackward>), tensor(-0.0091, grad_fn=<GatherBackward>)]
find food for 151 times 50
find food for 152 times 50
find food for 153 times 50
loss back is tensor(0.9835, grad_fn=<DivBackward0>)
loss back is [tensor(-0.0042, grad_fn=<GatherBackward>), tensor(-0.0071, grad_fn=<GatherBackward>), tensor(-0.0180, grad_fn=<GatherBackward>), tensor(-0.0138, grad_fn=<GatherBackward>), tensor(-0.0107, grad_fn=<GatherBackward>)]
find food for 154 times 50
find food for 155 times 50
find food for 156 times 50
____________________________
the step now is  45363
the time is 0625202703
the memory is 45519
the e_greedy is 0.9555549574513108
____________________________
find food for 157 times 50
find food for 158 times 50
find food for 159 times 50
loss back is tensor(0.9815, grad_fn=<DivBackward0>)
loss back is [tensor(-0.0249, grad_fn=<GatherBackward>), tensor(-0.0163, grad_fn=<GatherBackward>), tensor(-0.0051, grad_fn=<GatherBackward>), tensor(-0.0247, grad_fn=<GatherBackward>), tensor(-0.0118, grad_fn=<GatherBackward>)]
find food for 160 times 50
loss back is tensor(0.9835, grad_fn=<DivBackward0>)
loss back is [tensor(-0.0213, grad_fn=<GatherBackward>), tensor(-0.0165, grad_fn=<GatherBackward>), tensor(-0.0070, grad_fn=<GatherBackward>), tensor(-0.0161, grad_fn=<GatherBackward>), tensor(-0.0205, grad_fn=<GatherBackward>)]
____________________________
the step now is  47072
the time is 0625202715
the memory is 47232
the e_greedy is 0.9539233086700373
____________________________
find food for 161 times 50
find food for 162 times 50
loss back is tensor(50.9547, grad_fn=<DivBackward0>)
loss back is [tensor(-0.0095, grad_fn=<GatherBackward>), tensor(-0.0183, grad_fn=<GatherBackward>), tensor(-0.0190, grad_fn=<GatherBackward>), tensor(-0.0016, grad_fn=<GatherBackward>), tensor(-0.0191, grad_fn=<GatherBackward>)]
find food for 163 times 50
find food for 164 times 50
loss back is tensor(0.9737, grad_fn=<DivBackward0>)
loss back is [tensor(-0.0248, grad_fn=<GatherBackward>), tensor(-0.0226, grad_fn=<GatherBackward>), tensor(-0.0169, grad_fn=<GatherBackward>), tensor(-0.0126, grad_fn=<GatherBackward>), tensor(-0.0036, grad_fn=<GatherBackward>)]
____________________________
the step now is  49095
the time is 0625202728
the memory is 49259
the e_greedy is 0.9519954724803807
____________________________
find food for 165 times 50
find food for 166 times 50
find food for 167 times 50
find food for 168 times 50
loss back is tensor(0.9807, grad_fn=<DivBackward0>)
loss back is [tensor(-0.0083, grad_fn=<GatherBackward>), tensor(-0.0277, grad_fn=<GatherBackward>), tensor(-0.0171, grad_fn=<GatherBackward>), tensor(-0.0063, grad_fn=<GatherBackward>), tensor(-0.0139, grad_fn=<GatherBackward>)]
find food for 169 times 50
____________________________
the step now is  50551
the time is 0625202738
the memory is 50720
the e_greedy is 0.950610375667622
____________________________
find food for 170 times 50
loss back is tensor(0.9885, grad_fn=<DivBackward0>)
loss back is [tensor(-0.0065, grad_fn=<GatherBackward>), tensor(-0.0050, grad_fn=<GatherBackward>), tensor(-0.0101, grad_fn=<GatherBackward>), tensor(-0.0052, grad_fn=<GatherBackward>), tensor(-0.0162, grad_fn=<GatherBackward>)]
find food for 171 times 50
find food for 172 times 50
find food for 173 times 50
find food for 174 times 50
find food for 175 times 50
find food for 176 times 50
loss back is tensor(0.9851, grad_fn=<DivBackward0>)
loss back is [tensor(-0.0097, grad_fn=<GatherBackward>), tensor(-0.0061, grad_fn=<GatherBackward>), tensor(-0.0187, grad_fn=<GatherBackward>), tensor(-0.0200, grad_fn=<GatherBackward>), tensor(-0.0165, grad_fn=<GatherBackward>)]
____________________________
the step now is  52118
the time is 0625202749
the memory is 52294
the e_greedy is 0.9491219357062313
____________________________
find food for 177 times 50
find food for 178 times 50
find food for 179 times 50
find food for 180 times 50
loss back is tensor(0.9848, grad_fn=<DivBackward0>)
loss back is [tensor(-0.0069, grad_fn=<GatherBackward>), tensor(-0.0158, grad_fn=<GatherBackward>), tensor(-0.0118, grad_fn=<GatherBackward>), tensor(-0.0127, grad_fn=<GatherBackward>), tensor(-0.0091, grad_fn=<GatherBackward>)]
find food for 181 times 50
find food for 182 times 50
____________________________
the step now is  53431
the time is 0625202758
the memory is 53613
the e_greedy is 0.9478765563750962
____________________________
find food for 183 times 50
find food for 184 times 50
loss back is tensor(0.9806, grad_fn=<DivBackward0>)
loss back is [tensor(-0.0383, grad_fn=<GatherBackward>), tensor(-0.0039, grad_fn=<GatherBackward>), tensor(-0.0288, grad_fn=<GatherBackward>), tensor(-0.0167, grad_fn=<GatherBackward>), tensor(-0.0351, grad_fn=<GatherBackward>)]
find food for 185 times 50
find food for 186 times 50
find food for 187 times 50
loss back is tensor(0.9794, grad_fn=<DivBackward0>)
loss back is [tensor(-0.0122, grad_fn=<GatherBackward>), tensor(-0.0129, grad_fn=<GatherBackward>), tensor(-0.0188, grad_fn=<GatherBackward>), tensor(-0.0252, grad_fn=<GatherBackward>), tensor(-0.0129, grad_fn=<GatherBackward>)]
____________________________
the step now is  55049
the time is 0625202810
the memory is 55236
the e_greedy is 0.9463441321723753
____________________________
find food for 188 times 50
find food for 189 times 50
find food for 190 times 50
find food for 191 times 50
loss back is tensor(0.9703, grad_fn=<DivBackward0>)
loss back is [tensor(-0.0051, grad_fn=<GatherBackward>), tensor(-0.0335, grad_fn=<GatherBackward>), tensor(-0.0210, grad_fn=<GatherBackward>), tensor(-0.0119, grad_fn=<GatherBackward>), tensor(-0.0309, grad_fn=<GatherBackward>)]
find food for 192 times 50
____________________________
the step now is  56737
the time is 0625202822
the memory is 56929
the e_greedy is 0.9447480507489718
____________________________
find food for 193 times 50
loss back is tensor(0.9815, grad_fn=<DivBackward0>)
loss back is [tensor(-0.0041, grad_fn=<GatherBackward>), tensor(-0.0290, grad_fn=<GatherBackward>), tensor(-0.0121, grad_fn=<GatherBackward>), tensor(-0.0278, grad_fn=<GatherBackward>), tensor(-0.0424, grad_fn=<GatherBackward>)]
find food for 194 times 50
find food for 195 times 50
loss back is tensor(0.9775, grad_fn=<DivBackward0>)
loss back is [tensor(-0.0080, grad_fn=<GatherBackward>), tensor(-0.0039, grad_fn=<GatherBackward>), tensor(-0.0169, grad_fn=<GatherBackward>), tensor(-0.0140, grad_fn=<GatherBackward>), tensor(-0.0358, grad_fn=<GatherBackward>)]
____________________________
the step now is  58852
the time is 0625202837
the memory is 59047
the e_greedy is 0.9427520201680348
____________________________
find food for 196 times 50
find food for 197 times 50
loss back is tensor(50.9679, grad_fn=<DivBackward0>)
loss back is [tensor(-0.0104, grad_fn=<GatherBackward>), tensor(-0.0169, grad_fn=<GatherBackward>), tensor(-0.0322, grad_fn=<GatherBackward>), tensor(-0.0102, grad_fn=<GatherBackward>), tensor(-0.0320, grad_fn=<GatherBackward>)]
find food for 198 times 50
find food for 199 times 50
loss back is tensor(0.9794, grad_fn=<DivBackward0>)
loss back is [tensor(-0.0182, grad_fn=<GatherBackward>), tensor(-0.0332, grad_fn=<GatherBackward>), tensor(-0.0356, grad_fn=<GatherBackward>), tensor(-0.0204, grad_fn=<GatherBackward>), tensor(-0.0351, grad_fn=<GatherBackward>)]
find food for 200 times 50
find food for 201 times 50
____________________________
the step now is  60308
the time is 0625202847
the memory is 60509
the e_greedy is 0.9413803720288327
____________________________
find food for 202 times 50
find food for 203 times 50
find food for 204 times 50
loss back is tensor(0.9847, grad_fn=<DivBackward0>)
loss back is [tensor(-0.0453, grad_fn=<GatherBackward>), tensor(-0.0132, grad_fn=<GatherBackward>), tensor(-0.0126, grad_fn=<GatherBackward>), tensor(-0.0137, grad_fn=<GatherBackward>), tensor(-0.0175, grad_fn=<GatherBackward>)]
find food for 205 times 50
find food for 206 times 50
find food for 207 times 50
____________________________
the step now is  61533
the time is 0625202856
the memory is 61740
the e_greedy is 0.9402278871142282
____________________________
loss back is tensor(50.9818, grad_fn=<DivBackward0>)
loss back is [tensor(-0.0300, grad_fn=<GatherBackward>), tensor(-0.0146, grad_fn=<GatherBackward>), tensor(-0.0186, grad_fn=<GatherBackward>), tensor(-0.0226, grad_fn=<GatherBackward>), tensor(-0.0216, grad_fn=<GatherBackward>)]
find food for 208 times 50
find food for 209 times 50
find food for 210 times 50
loss back is tensor(0.9819, grad_fn=<DivBackward0>)
loss back is [tensor(-0.0125, grad_fn=<GatherBackward>), tensor(-0.0239, grad_fn=<GatherBackward>), tensor(-0.0278, grad_fn=<GatherBackward>), tensor(-0.0208, grad_fn=<GatherBackward>), tensor(-0.0197, grad_fn=<GatherBackward>)]
____________________________
the step now is  63387
the time is 0625202909
the memory is 63597
the e_greedy is 0.9384863195435164
____________________________
find food for 211 times 50
find food for 212 times 50
find food for 213 times 50
loss back is tensor(0.9828, grad_fn=<DivBackward0>)
loss back is [tensor(-0.0151, grad_fn=<GatherBackward>), tensor(-0.0182, grad_fn=<GatherBackward>), tensor(-0.0226, grad_fn=<GatherBackward>), tensor(-0.0318, grad_fn=<GatherBackward>), tensor(-0.0107, grad_fn=<GatherBackward>)]
find food for 214 times 50
find food for 215 times 50
find food for 216 times 50
find food for 217 times 50
find food for 218 times 50
____________________________
the step now is  64409
the time is 0625202916
the memory is 64627
the e_greedy is 0.9375276764749915
____________________________
find food for 219 times 50
find food for 220 times 50
find food for 221 times 50
find food for 222 times 50
loss back is tensor(0.9815, grad_fn=<DivBackward0>)
loss back is [tensor(-0.0163, grad_fn=<GatherBackward>), tensor(-0.0149, grad_fn=<GatherBackward>), tensor(-0.0038, grad_fn=<GatherBackward>), tensor(-0.0257, grad_fn=<GatherBackward>), tensor(-0.0188, grad_fn=<GatherBackward>)]
find food for 223 times 50
find food for 224 times 50
find food for 225 times 50
____________________________
the step now is  65653
the time is 0625202924
the memory is 65878
the e_greedy is 0.9363621171736541
____________________________
loss back is tensor(50.9562, grad_fn=<DivBackward0>)
loss back is [tensor(-0.0332, grad_fn=<GatherBackward>), tensor(-0.0212, grad_fn=<GatherBackward>), tensor(-0.0617, grad_fn=<GatherBackward>), tensor(-0.0082, grad_fn=<GatherBackward>), tensor(-0.0032, grad_fn=<GatherBackward>)]
find food for 226 times 50
find food for 227 times 50
loss back is tensor(50.9865, grad_fn=<DivBackward0>)
loss back is [tensor(-0.0288, grad_fn=<GatherBackward>), tensor(-0.0294, grad_fn=<GatherBackward>), tensor(-0.0160, grad_fn=<GatherBackward>), tensor(-0.0331, grad_fn=<GatherBackward>), tensor(-0.0150, grad_fn=<GatherBackward>)]
____________________________
the step now is  67775
the time is 0625202938
the memory is 68002
the e_greedy is 0.9343772634356248
____________________________
loss back is tensor(0.9790, grad_fn=<DivBackward0>)
loss back is [tensor(-0.0194, grad_fn=<GatherBackward>), tensor(-0.0369, grad_fn=<GatherBackward>), tensor(-0.0297, grad_fn=<GatherBackward>), tensor(-0.0137, grad_fn=<GatherBackward>), tensor(-0.0215, grad_fn=<GatherBackward>)]
find food for 228 times 50
find food for 229 times 50
find food for 230 times 50
loss back is tensor(0.9813, grad_fn=<DivBackward0>)
loss back is [tensor(-0.0131, grad_fn=<GatherBackward>), tensor(-0.0276, grad_fn=<GatherBackward>), tensor(-0.0297, grad_fn=<GatherBackward>), tensor(-0.0245, grad_fn=<GatherBackward>), tensor(-0.0268, grad_fn=<GatherBackward>)]
find food for 231 times 50
find food for 232 times 50
find food for 233 times 50
____________________________
the step now is  69496
the time is 0625202950
the memory is 69729
the e_greedy is 0.932770583110233
____________________________
find food for 234 times 50
find food for 235 times 50
find food for 236 times 50
loss back is tensor(0.9822, grad_fn=<DivBackward0>)
loss back is [tensor(-0.0216, grad_fn=<GatherBackward>), tensor(-0.0036, grad_fn=<GatherBackward>), tensor(-0.0218, grad_fn=<GatherBackward>), tensor(-0.0154, grad_fn=<GatherBackward>), tensor(-0.0214, grad_fn=<GatherBackward>)]
find food for 237 times 50
find food for 238 times 50
find food for 239 times 50
find food for 240 times 50
find food for 241 times 50
____________________________
the step now is  70774
the time is 0625202959
the memory is 71015
the e_greedy is 0.9315792637202552
____________________________
loss back is tensor(100.9668, grad_fn=<DivBackward0>)
loss back is [tensor(-0.0137, grad_fn=<GatherBackward>), tensor(-0.0049, grad_fn=<GatherBackward>), tensor(-0.0036, grad_fn=<GatherBackward>), tensor(-0.0217, grad_fn=<GatherBackward>), tensor(-0.0363, grad_fn=<GatherBackward>)]
find food for 242 times 50
find food for 243 times 50
find food for 244 times 50
loss back is tensor(0.9768, grad_fn=<DivBackward0>)
loss back is [tensor(-0.0324, grad_fn=<GatherBackward>), tensor(-0.0189, grad_fn=<GatherBackward>), tensor(-0.0103, grad_fn=<GatherBackward>), tensor(-0.0232, grad_fn=<GatherBackward>), tensor(-0.0264, grad_fn=<GatherBackward>)]
____________________________
the step now is  72638
the time is 0625203012
the memory is 72882
the e_greedy is 0.9298444173518058
____________________________
find food for 245 times 50
find food for 246 times 50
loss back is tensor(0.9702, grad_fn=<DivBackward0>)
loss back is [tensor(-0.0161, grad_fn=<GatherBackward>), tensor(-0.0320, grad_fn=<GatherBackward>), tensor(-0.0212, grad_fn=<GatherBackward>), tensor(-0.0171, grad_fn=<GatherBackward>), tensor(-0.0113, grad_fn=<GatherBackward>)]
find food for 247 times 50
find food for 248 times 50
find food for 249 times 50
loss back is tensor(50.9714, grad_fn=<DivBackward0>)
loss back is [tensor(-0.0275, grad_fn=<GatherBackward>), tensor(-0.0032, grad_fn=<GatherBackward>), tensor(-0.0483, grad_fn=<GatherBackward>), tensor(-0.0210, grad_fn=<GatherBackward>), tensor(-0.0321, grad_fn=<GatherBackward>)]
find food for 250 times 50
find food for 251 times 50
____________________________
the step now is  74294
the time is 0625203024
the memory is 74545
the e_greedy is 0.9283058692660875
____________________________
find food for 252 times 50
find food for 253 times 50
loss back is tensor(0.9722, grad_fn=<DivBackward0>)
loss back is [tensor(-0.0263, grad_fn=<GatherBackward>), tensor(-0.0064, grad_fn=<GatherBackward>), tensor(-0.0119, grad_fn=<GatherBackward>), tensor(-0.0218, grad_fn=<GatherBackward>), tensor(-0.0215, grad_fn=<GatherBackward>)]
loss back is tensor(50.9668, grad_fn=<DivBackward0>)
loss back is [tensor(-0.0341, grad_fn=<GatherBackward>), tensor(-0.0122, grad_fn=<GatherBackward>), tensor(-0.0108, grad_fn=<GatherBackward>), tensor(-0.0009, grad_fn=<GatherBackward>), tensor(-0.0336, grad_fn=<GatherBackward>)]
find food for 254 times 50
____________________________
the step now is  76277
the time is 0625203038
the memory is 76531
the e_greedy is 0.9264668627049636
____________________________
find food for 255 times 50
find food for 256 times 50
find food for 257 times 50
find food for 258 times 50
loss back is tensor(50.2644, grad_fn=<DivBackward0>)
loss back is [tensor(-0.0195, grad_fn=<GatherBackward>), tensor(-0.0191, grad_fn=<GatherBackward>), tensor(-0.0157, grad_fn=<GatherBackward>), tensor(-0.0265, grad_fn=<GatherBackward>), tensor(-0.0390, grad_fn=<GatherBackward>)]
find food for 259 times 50
find food for 260 times 50
find food for 261 times 50
____________________________
the step now is  77463
the time is 0625203046
the memory is 77724
the e_greedy is 0.9253687243305713
____________________________
find food for 262 times 50
loss back is tensor(0.9728, grad_fn=<DivBackward0>)
loss back is [tensor(-0.0163, grad_fn=<GatherBackward>), tensor(-0.0164, grad_fn=<GatherBackward>), tensor(-0.0263, grad_fn=<GatherBackward>), tensor(-0.0379, grad_fn=<GatherBackward>), tensor(-0.0112, grad_fn=<GatherBackward>)]
find food for 263 times 50
find food for 264 times 50
loss back is tensor(50.9688, grad_fn=<DivBackward0>)
loss back is [tensor(-0.0250, grad_fn=<GatherBackward>), tensor(-0.0120, grad_fn=<GatherBackward>), tensor(-0.0190, grad_fn=<GatherBackward>), tensor(-0.0073, grad_fn=<GatherBackward>), tensor(-0.0265, grad_fn=<GatherBackward>)]
find food for 265 times 50
____________________________
the step now is  79249
the time is 0625203058
the memory is 79514
the e_greedy is 0.9237174907794029
____________________________
find food for 266 times 50
find food for 267 times 50
find food for 268 times 50
find food for 269 times 50
loss back is tensor(0.9767, grad_fn=<DivBackward0>)
loss back is [tensor(-0.0093, grad_fn=<GatherBackward>), tensor(-0.0558, grad_fn=<GatherBackward>), tensor(-0.0274, grad_fn=<GatherBackward>), tensor(-0.0345, grad_fn=<GatherBackward>), tensor(-0.0378, grad_fn=<GatherBackward>)]
find food for 270 times 50
find food for 271 times 50
find food for 272 times 50
find food for 273 times 50
____________________________
the step now is  80499
the time is 0625203107
the memory is 80772
the e_greedy is 0.9225635652696229
____________________________
loss back is tensor(50.9668, grad_fn=<DivBackward0>)
loss back is [tensor(-0.0198, grad_fn=<GatherBackward>), tensor(-0.0338, grad_fn=<GatherBackward>), tensor(-0.0190, grad_fn=<GatherBackward>), tensor(-0.0364, grad_fn=<GatherBackward>), tensor(-0.0278, grad_fn=<GatherBackward>)]
loss back is tensor(0.9732, grad_fn=<DivBackward0>)
loss back is [tensor(-0.0459, grad_fn=<GatherBackward>), tensor(-0.0374, grad_fn=<GatherBackward>), tensor(-0.0117, grad_fn=<GatherBackward>), tensor(-0.0369, grad_fn=<GatherBackward>), tensor(-0.0371, grad_fn=<GatherBackward>)]
find food for 274 times 50
find food for 275 times 50
find food for 276 times 50
____________________________
the step now is  82621
the time is 0625203121
the memory is 82897
the e_greedy is 0.9206079610140575
____________________________
find food for 277 times 50
loss back is tensor(0.9744, grad_fn=<DivBackward0>)
loss back is [tensor(-0.0501, grad_fn=<GatherBackward>), tensor(-0.0275, grad_fn=<GatherBackward>), tensor(-0.0140, grad_fn=<GatherBackward>), tensor(-0.0168, grad_fn=<GatherBackward>), tensor(-0.0200, grad_fn=<GatherBackward>)]
find food for 278 times 50
find food for 279 times 50
find food for 280 times 50
loss back is tensor(0.9809, grad_fn=<DivBackward0>)
loss back is [tensor(-0.0272, grad_fn=<GatherBackward>), tensor(-0.0446, grad_fn=<GatherBackward>), tensor(-0.0348, grad_fn=<GatherBackward>), tensor(-0.0118, grad_fn=<GatherBackward>), tensor(-0.0223, grad_fn=<GatherBackward>)]
find food for 281 times 50
____________________________
the step now is  84387
the time is 0625203133
the memory is 84668
the e_greedy is 0.918983602086005
____________________________
find food for 282 times 50
loss back is tensor(0.9737, grad_fn=<DivBackward0>)
loss back is [tensor(-0.0360, grad_fn=<GatherBackward>), tensor(-0.0130, grad_fn=<GatherBackward>), tensor(-0.0090, grad_fn=<GatherBackward>), tensor(-0.0402, grad_fn=<GatherBackward>), tensor(-0.0261, grad_fn=<GatherBackward>)]
find food for 283 times 50
find food for 284 times 50
loss back is tensor(0.9791, grad_fn=<DivBackward0>)
loss back is [tensor(-0.0256, grad_fn=<GatherBackward>), tensor(-0.0166, grad_fn=<GatherBackward>), tensor(-0.0268, grad_fn=<GatherBackward>), tensor(-0.0394, grad_fn=<GatherBackward>), tensor(-0.0193, grad_fn=<GatherBackward>)]
find food for 285 times 50
____________________________
the step now is  86224
the time is 0625203146
the memory is 86509
the e_greedy is 0.9172969788467206
____________________________
find food for 286 times 50
find food for 287 times 50
find food for 288 times 50
loss back is tensor(0.9806, grad_fn=<DivBackward0>)
loss back is [tensor(-0.0172, grad_fn=<GatherBackward>), tensor(-0.0245, grad_fn=<GatherBackward>), tensor(-0.0038, grad_fn=<GatherBackward>), tensor(-0.0146, grad_fn=<GatherBackward>), tensor(-0.0221, grad_fn=<GatherBackward>)]
find food for 289 times 50
find food for 290 times 50
find food for 291 times 50
find food for 292 times 50
____________________________
the step now is  87675
the time is 0625203156
the memory is 87967
the e_greedy is 0.9159669461025242
____________________________
find food for 293 times 50
loss back is tensor(0.9688, grad_fn=<DivBackward0>)
loss back is [tensor(-0.0053, grad_fn=<GatherBackward>), tensor(-0.0273, grad_fn=<GatherBackward>), tensor(-0.0278, grad_fn=<GatherBackward>), tensor(-0.0457, grad_fn=<GatherBackward>), tensor(-0.0137, grad_fn=<GatherBackward>)]
find food for 294 times 50
find food for 295 times 50
loss back is tensor(50.9769, grad_fn=<DivBackward0>)
loss back is [tensor(-0.0106, grad_fn=<GatherBackward>), tensor(-0.0406, grad_fn=<GatherBackward>), tensor(-0.0429, grad_fn=<GatherBackward>), tensor(-0.0141, grad_fn=<GatherBackward>), tensor(-0.0286, grad_fn=<GatherBackward>)]
find food for 296 times 50
find food for 297 times 50
find food for 298 times 50
____________________________
the step now is  89408
the time is 0625203208
the memory is 89706
the e_greedy is 0.9143809500474439
____________________________
find food for 299 times 50
loss back is tensor(0.9732, grad_fn=<DivBackward0>)
loss back is [tensor(-0.0449, grad_fn=<GatherBackward>), tensor(-0.0126, grad_fn=<GatherBackward>), tensor(-0.0421, grad_fn=<GatherBackward>), tensor(-0.0240, grad_fn=<GatherBackward>), tensor(-0.0175, grad_fn=<GatherBackward>)]
find food for 300 times 50
loss back is tensor(0.9798, grad_fn=<DivBackward0>)
loss back is [tensor(-0.0100, grad_fn=<GatherBackward>), tensor(-0.0167, grad_fn=<GatherBackward>), tensor(-0.0173, grad_fn=<GatherBackward>), tensor(-0.0553, grad_fn=<GatherBackward>), tensor(-0.0347, grad_fn=<GatherBackward>)]
____________________________
the step now is  91529
the time is 0625203223
the memory is 91829
the e_greedy is 0.9124436033348675
____________________________
find food for 301 times 50
loss back is tensor(0.9778, grad_fn=<DivBackward0>)
loss back is [tensor(-0.0099, grad_fn=<GatherBackward>), tensor(-0.0020, grad_fn=<GatherBackward>), tensor(-0.0349, grad_fn=<GatherBackward>), tensor(-0.0076, grad_fn=<GatherBackward>), tensor(-0.0276, grad_fn=<GatherBackward>)]
find food for 302 times 50
loss back is tensor(0.9693, grad_fn=<DivBackward0>)
loss back is [tensor(-0.0224, grad_fn=<GatherBackward>), tensor(-0.0294, grad_fn=<GatherBackward>), tensor(-0.0365, grad_fn=<GatherBackward>), tensor(-0.0338, grad_fn=<GatherBackward>), tensor(-0.0251, grad_fn=<GatherBackward>)]
____________________________
the step now is  93699
the time is 0625203238
the memory is 94001
the e_greedy is 0.9104657474653763
____________________________
find food for 303 times 50
loss back is tensor(0.9677, grad_fn=<DivBackward0>)
loss back is [tensor(-0.0162, grad_fn=<GatherBackward>), tensor(-0.0329, grad_fn=<GatherBackward>), tensor(-0.0336, grad_fn=<GatherBackward>), tensor(-0.0177, grad_fn=<GatherBackward>), tensor(-0.0279, grad_fn=<GatherBackward>)]
find food for 304 times 50
find food for 305 times 50
find food for 306 times 50
find food for 307 times 50
find food for 308 times 50
____________________________
the step now is  94930
the time is 0625203247
the memory is 95238
the e_greedy is 0.9093456536894111
____________________________
loss back is tensor(0.9779, grad_fn=<DivBackward0>)
loss back is [tensor(-0.0222, grad_fn=<GatherBackward>), tensor(-0.0196, grad_fn=<GatherBackward>), tensor(-0.0149, grad_fn=<GatherBackward>), tensor(-0.0199, grad_fn=<GatherBackward>), tensor(-0.0143, grad_fn=<GatherBackward>)]
find food for 309 times 50
loss back is tensor(0.9779, grad_fn=<DivBackward0>)
loss back is [tensor(-0.0323, grad_fn=<GatherBackward>), tensor(-0.0452, grad_fn=<GatherBackward>), tensor(-0.0197, grad_fn=<GatherBackward>), tensor(-0.0229, grad_fn=<GatherBackward>), tensor(-0.0056, grad_fn=<GatherBackward>)]
find food for 310 times 50
____________________________
the step now is  96915
the time is 0625203301
the memory is 97225
the e_greedy is 0.9075423928952802
____________________________
loss back is tensor(0.9753, grad_fn=<DivBackward0>)
loss back is [tensor(-0.0664, grad_fn=<GatherBackward>), tensor(-0.0130, grad_fn=<GatherBackward>), tensor(-0.0067, grad_fn=<GatherBackward>), tensor(-0.0260, grad_fn=<GatherBackward>), tensor(-0.0498, grad_fn=<GatherBackward>)]
loss back is tensor(50.9569, grad_fn=<DivBackward0>)
loss back is [tensor(-0.0220, grad_fn=<GatherBackward>), tensor(-0.0247, grad_fn=<GatherBackward>), tensor(-0.0230, grad_fn=<GatherBackward>), tensor(-0.0294, grad_fn=<GatherBackward>), tensor(-0.0245, grad_fn=<GatherBackward>)]
find food for 311 times 50
find food for 312 times 50
find food for 313 times 50
loss back is tensor(0.9660, grad_fn=<DivBackward0>)
loss back is [tensor(-0.0201, grad_fn=<GatherBackward>), tensor(-0.0306, grad_fn=<GatherBackward>), tensor(-0.0174, grad_fn=<GatherBackward>), tensor(-0.0353, grad_fn=<GatherBackward>), tensor(-0.0260, grad_fn=<GatherBackward>)]
____________________________
the step now is  99059
the time is 0625203316
the memory is 99372
the e_greedy is 0.9055987063814067
____________________________
find food for 314 times 50
loss back is tensor(0.9789, grad_fn=<DivBackward0>)
loss back is [tensor(-0.0148, grad_fn=<GatherBackward>), tensor(-0.0158, grad_fn=<GatherBackward>), tensor(-0.0122, grad_fn=<GatherBackward>), tensor(-0.0210, grad_fn=<GatherBackward>), tensor(-0.0310, grad_fn=<GatherBackward>)]
find food for 315 times 50
loss back is tensor(0.9631, grad_fn=<DivBackward0>)
loss back is [tensor(-0.0139, grad_fn=<GatherBackward>), tensor(-0.0352, grad_fn=<GatherBackward>), tensor(-0.0362, grad_fn=<GatherBackward>), tensor(-0.0263, grad_fn=<GatherBackward>), tensor(-0.0322, grad_fn=<GatherBackward>)]
____________________________
the step now is  101282
the time is 0625203331
the memory is 100000
the e_greedy is 0.9035877964116664
____________________________
find food for 316 times 50
find food for 317 times 50
loss back is tensor(0.9738, grad_fn=<DivBackward0>)
loss back is [tensor(-0.0275, grad_fn=<GatherBackward>), tensor(-0.0412, grad_fn=<GatherBackward>), tensor(-0.0213, grad_fn=<GatherBackward>), tensor(-0.0172, grad_fn=<GatherBackward>), tensor(-0.0567, grad_fn=<GatherBackward>)]
find food for 318 times 50
find food for 319 times 50
find food for 320 times 50
find food for 321 times 50
____________________________
the step now is  102947
the time is 0625203343
the memory is 100000
the e_greedy is 0.9020845745101465
____________________________
loss back is tensor(0.9714, grad_fn=<DivBackward0>)
loss back is [tensor(-0.0438, grad_fn=<GatherBackward>), tensor(-0.0143, grad_fn=<GatherBackward>), tensor(-0.0152, grad_fn=<GatherBackward>), tensor(-0.0443, grad_fn=<GatherBackward>), tensor(-0.0209, grad_fn=<GatherBackward>)]
find food for 322 times 50
loss back is tensor(0.9697, grad_fn=<DivBackward0>)
loss back is [tensor(-0.0322, grad_fn=<GatherBackward>), tensor(-0.0280, grad_fn=<GatherBackward>), tensor(-0.0250, grad_fn=<GatherBackward>), tensor(-0.0395, grad_fn=<GatherBackward>), tensor(-0.0129, grad_fn=<GatherBackward>)]
loss back is tensor(50.9775, grad_fn=<DivBackward0>)
loss back is [tensor(-0.0220, grad_fn=<GatherBackward>), tensor(-0.0373, grad_fn=<GatherBackward>), tensor(-0.0241, grad_fn=<GatherBackward>), tensor(-0.0758, grad_fn=<GatherBackward>), tensor(-0.0314, grad_fn=<GatherBackward>)]
find food for 323 times 50
____________________________
the step now is  105103
the time is 0625203358
the memory is 100000
the e_greedy is 0.900141775257662
____________________________
find food for 324 times 50
find food for 325 times 50
loss back is tensor(0.9645, grad_fn=<DivBackward0>)
loss back is [tensor(-0.0221, grad_fn=<GatherBackward>), tensor(-0.0475, grad_fn=<GatherBackward>), tensor(-0.0382, grad_fn=<GatherBackward>), tensor(-0.0101, grad_fn=<GatherBackward>), tensor(-0.0487, grad_fn=<GatherBackward>)]
find food for 326 times 50
____________________________
the step now is  106869
the time is 0625203410
the memory is 100000
the e_greedy is 0.8985535277179143
____________________________
loss back is tensor(0.9712, grad_fn=<DivBackward0>)
loss back is [tensor(-0.0347, grad_fn=<GatherBackward>), tensor(-0.0111, grad_fn=<GatherBackward>), tensor(-0.0169, grad_fn=<GatherBackward>), tensor(-0.0342, grad_fn=<GatherBackward>), tensor(-0.0076, grad_fn=<GatherBackward>)]
find food for 327 times 50
find food for 328 times 50
find food for 329 times 50
loss back is tensor(0.9697, grad_fn=<DivBackward0>)
loss back is [tensor(-0.0350, grad_fn=<GatherBackward>), tensor(-0.0221, grad_fn=<GatherBackward>), tensor(-0.0178, grad_fn=<GatherBackward>), tensor(-0.0193, grad_fn=<GatherBackward>), tensor(-0.0251, grad_fn=<GatherBackward>)]
find food for 330 times 50
find food for 331 times 50
____________________________
the step now is  108474
the time is 0625203421
the memory is 100000
the e_greedy is 0.8971125060351698
____________________________
find food for 332 times 50
find food for 333 times 50
find food for 334 times 50
find food for 335 times 50
loss back is tensor(0.9675, grad_fn=<DivBackward0>)
loss back is [tensor(-0.0748, grad_fn=<GatherBackward>), tensor(-0.0360, grad_fn=<GatherBackward>), tensor(-0.0404, grad_fn=<GatherBackward>), tensor(-0.0331, grad_fn=<GatherBackward>), tensor(-0.0088, grad_fn=<GatherBackward>)]
find food for 336 times 50
find food for 337 times 50
loss back is tensor(50.9744, grad_fn=<DivBackward0>)
loss back is [tensor(-0.0214, grad_fn=<GatherBackward>), tensor(-0.0797, grad_fn=<GatherBackward>), tensor(-0.0509, grad_fn=<GatherBackward>), tensor(-0.0539, grad_fn=<GatherBackward>), tensor(-0.0443, grad_fn=<GatherBackward>)]
____________________________
the step now is  110134
the time is 0625203432
the memory is 100000
the e_greedy is 0.8956245346331029
____________________________
find food for 338 times 50
find food for 339 times 50
loss back is tensor(50.9807, grad_fn=<DivBackward0>)
loss back is [tensor(-0.0284, grad_fn=<GatherBackward>), tensor(-0.0348, grad_fn=<GatherBackward>), tensor(-0.0143, grad_fn=<GatherBackward>), tensor(-0.0246, grad_fn=<GatherBackward>), tensor(-0.0108, grad_fn=<GatherBackward>)]