____________________________
the step now is  0
the time is 0624205016
the memory is 0
the e_greedy is 1
____________________________
find food for 1 times 1
find food for 2 times 1
find food for 3 times 1
find food for 4 times 1
find food for 5 times 1
find food for 6 times 1
____________________________
the step now is  1688
the time is 0624205016
the memory is 1694
the e_greedy is 0.9928735146887464
____________________________
find food for 7 times 1
find food for 8 times 1
find food for 9 times 1
find food for 10 times 1
find food for 11 times 1
find food for 12 times 1
find food for 13 times 1
____________________________
the step now is  2648
the time is 0624205017
the memory is 2661
the e_greedy is 0.9890681912892489
____________________________
find food for 14 times 1
find food for 15 times 1
find food for 16 times 1
find food for 17 times 1
find food for 18 times 1
find food for 19 times 1
find food for 20 times 1
find food for 21 times 1
find food for 22 times 1
____________________________
the step now is  4143
the time is 0624205017
the memory is 4165
the e_greedy is 0.9831712130434753
____________________________
find food for 23 times 1
find food for 24 times 1
find food for 25 times 1
find food for 26 times 1
find food for 27 times 1
find food for 28 times 1
____________________________
the step now is  5907
the time is 0624205031
the memory is 5935
the e_greedy is 0.9762583741407365
____________________________
find food for 29 times 1
find food for 30 times 1
find food for 31 times 1
find food for 32 times 1
find food for 33 times 1
find food for 34 times 1
find food for 35 times 1
____________________________
the step now is  6998
the time is 0624205049
the memory is 7033
the e_greedy is 0.9720072652622426
____________________________
find food for 36 times 1
find food for 37 times 1
find food for 38 times 1
find food for 39 times 1
find food for 40 times 1
find food for 41 times 1
find food for 42 times 1
____________________________
the step now is  8375
the time is 0624205111
the memory is 8417
the e_greedy is 0.966668166620989
____________________________
find food for 43 times 1
find food for 44 times 1
find food for 45 times 1
find food for 46 times 1
find food for 47 times 1
____________________________
the step now is  10376
the time is 0624205142
the memory is 9000
the e_greedy is 0.9589618364900329
____________________________
find food for 48 times 1
find food for 49 times 1
find food for 50 times 1
find food for 51 times 1
find food for 52 times 1
find food for 53 times 1
find food for 54 times 1
____________________________
the step now is  11567
the time is 0624205201
the memory is 9000
the e_greedy is 0.9544042071938553
____________________________
find food for 55 times 1
find food for 56 times 1
find food for 57 times 1
find food for 58 times 1
find food for 59 times 1
find food for 60 times 1
find food for 61 times 1
____________________________
the step now is  12783
the time is 0624205222
the memory is 9000
the e_greedy is 0.949773256731695
____________________________
find food for 62 times 1
find food for 63 times 1
find food for 64 times 1
find food for 65 times 1
find food for 66 times 1
find food for 67 times 1
find food for 68 times 1
____________________________
the step now is  14115
the time is 0624205243
the memory is 9000
the e_greedy is 0.9447263217936885
____________________________
find food for 69 times 1
find food for 70 times 1
find food for 71 times 1
find food for 72 times 1
find food for 73 times 1
find food for 74 times 1
find food for 75 times 1
____________________________
the step now is  15614
the time is 0624205308
the memory is 9000
the e_greedy is 0.9390786912847777
____________________________
find food for 76 times 1
find food for 77 times 1
find food for 78 times 1
find food for 79 times 1
____________________________
the step now is  17497
the time is 0624205339
the memory is 9000
the e_greedy is 0.9320321212778961
____________________________
find food for 80 times 1
find food for 81 times 1
find food for 82 times 1
____________________________
the step now is  19390
the time is 0624205410
the memory is 9000
the e_greedy is 0.9250014258605824
____________________________
find food for 83 times 1
find food for 84 times 1
find food for 85 times 1
find food for 86 times 1
find food for 87 times 1
____________________________
the step now is  21080
the time is 0624205437
the memory is 9000
the e_greedy is 0.9187695038501321
____________________________
find food for 88 times 1
find food for 89 times 1
find food for 90 times 1
find food for 91 times 1
find food for 92 times 1
____________________________
the step now is  22942
the time is 0624205507
the memory is 9000
the e_greedy is 0.9119519287508739
____________________________
find food for 93 times 1
find food for 94 times 1
find food for 95 times 1
find food for 96 times 1
find food for 97 times 1
find food for 98 times 1
____________________________
the step now is  24489
the time is 0624205533
the memory is 9000
the e_greedy is 0.9063261941898951
____________________________
find food for 99 times 1
find food for 100 times 1
find food for 101 times 1
find food for 102 times 1
____________________________
the step now is  26112
the time is 0624205559
the memory is 9000
the e_greedy is 0.9004613823147746
____________________________
find food for 103 times 1
find food for 104 times 1
find food for 105 times 1
find food for 106 times 1
find food for 107 times 1
____________________________
the step now is  27619
the time is 0624205623
the memory is 9000
the e_greedy is 0.8950497282144717
____________________________
find food for 108 times 1
find food for 109 times 1
find food for 110 times 1
find food for 111 times 1
____________________________
the step now is  29637
the time is 0624205657
the memory is 9000
the e_greedy is 0.8878539679679266
____________________________
find food for 112 times 1
find food for 113 times 1
find food for 114 times 1
find food for 115 times 1
find food for 116 times 1
____________________________
the step now is  31333
the time is 0624205724
the memory is 9000
the e_greedy is 0.8818511512257349
____________________________
find food for 117 times 1
find food for 118 times 1
find food for 119 times 1
find food for 120 times 1
find food for 121 times 1
find food for 122 times 1
____________________________
the step now is  32772
the time is 0624205747
the memory is 9000
the e_greedy is 0.8767897965522268
____________________________
find food for 123 times 1
find food for 124 times 1
find food for 125 times 1
find food for 126 times 1
find food for 127 times 1
find food for 128 times 1
find food for 129 times 1
____________________________
the step now is  34148
the time is 0624205809
the memory is 9000
the e_greedy is 0.8719772019218216
____________________________
find food for 130 times 1
find food for 131 times 1
find food for 132 times 1
find food for 133 times 1
find food for 134 times 1
____________________________
the step now is  35566
the time is 0624205831
the memory is 9000
the e_greedy is 0.8670453471946518
____________________________
find food for 135 times 1
find food for 136 times 1
find food for 137 times 1
find food for 138 times 1
find food for 139 times 1
____________________________
the step now is  37397
the time is 0624205859
the memory is 9000
the e_greedy is 0.8607183049827462
____________________________
find food for 140 times 1
find food for 141 times 1
find food for 142 times 1
find food for 143 times 1
find food for 144 times 1
find food for 145 times 1
____________________________
the step now is  38970
the time is 0624205924
the memory is 9000
the e_greedy is 0.8553196673325049
____________________________
find food for 146 times 1
find food for 147 times 1
find food for 148 times 1
find food for 149 times 1
find food for 150 times 1
____________________________
the step now is  40518
the time is 0624205949
the memory is 9000
the e_greedy is 0.8500398910091339
____________________________
find food for 151 times 1
find food for 152 times 1
find food for 153 times 1
find food for 154 times 1
find food for 155 times 1
____________________________
the step now is  42396
the time is 0624210020
the memory is 9000
the e_greedy is 0.8436783153414389
____________________________
find food for 156 times 1
find food for 157 times 1
find food for 158 times 1
____________________________
the step now is  44374
the time is 0624210052
the memory is 9000
the e_greedy is 0.8370294700271524
____________________________
find food for 159 times 1
find food for 160 times 1
find food for 161 times 1
find food for 162 times 1
find food for 163 times 1
____________________________
the step now is  46226
the time is 0624210123
the memory is 9000
the e_greedy is 0.8308516665496101
____________________________
find food for 164 times 1
find food for 165 times 1
find food for 166 times 1
find food for 167 times 1
____________________________
the step now is  47941
the time is 0624210151
the memory is 9000
the e_greedy is 0.8251715292633698
____________________________
find food for 168 times 1
find food for 169 times 1
find food for 170 times 1
____________________________
the step now is  49888
the time is 0624210222
the memory is 9000
the e_greedy is 0.8187700530973225
____________________________
find food for 171 times 1
find food for 172 times 1
find food for 173 times 1
find food for 174 times 1
find food for 175 times 1
find food for 176 times 1
____________________________
the step now is  51645
the time is 0624210250
the memory is 9000
the e_greedy is 0.8130359105431758
____________________________
find food for 177 times 1
find food for 178 times 1
find food for 179 times 1
____________________________
the step now is  53615
the time is 0624210323
the memory is 9000
the e_greedy is 0.8066543638834267
____________________________
find food for 180 times 1
find food for 181 times 1
find food for 182 times 1
find food for 183 times 1
find food for 184 times 1
____________________________
the step now is  55679
the time is 0624210356
the memory is 9000
the e_greedy is 0.8000220413550005
____________________________
find food for 185 times 1
find food for 186 times 1
find food for 187 times 1
find food for 188 times 1
find food for 189 times 1
find food for 190 times 1
____________________________
the step now is  57150
the time is 0624210420
the memory is 9000
the e_greedy is 0.7953285335050939
____________________________
find food for 191 times 1
find food for 192 times 1
find food for 193 times 1
____________________________
the step now is  59177
the time is 0624210453
the memory is 9000
the e_greedy is 0.7889060815597353
____________________________
find food for 194 times 1
find food for 195 times 1
find food for 196 times 1
find food for 197 times 1
____________________________
the step now is  61099
the time is 0624210524
the memory is 9000
the e_greedy is 0.7828642262552931
____________________________
find food for 198 times 1
find food for 199 times 1
find food for 200 times 1
____________________________
the step now is  62978
the time is 0624210556
the memory is 9000
the e_greedy is 0.7770022755367906
____________________________
find food for 201 times 1
find food for 202 times 1
find food for 203 times 1
____________________________
the step now is  64894
the time is 0624210626
the memory is 9000
the e_greedy is 0.7710700912636902
____________________________
find food for 204 times 1
find food for 205 times 1
find food for 206 times 1
find food for 207 times 1
____________________________
the step now is  66921
the time is 0624210658
the memory is 9000
the e_greedy is 0.7648435315477705
____________________________
find food for 208 times 1
find food for 209 times 1
find food for 210 times 1
find food for 211 times 1
____________________________
the step now is  68954
the time is 0624210730
the memory is 9000
the e_greedy is 0.7586490448685106
____________________________
find food for 212 times 1
find food for 213 times 1
find food for 214 times 1
find food for 215 times 1
____________________________
the step now is  71028
the time is 0624210803
the memory is 9000
the e_greedy is 0.7523813268338994
____________________________
____________________________
the step now is  73438
the time is 0624210842
the memory is 9000
the e_greedy is 0.745163218025587
____________________________
find food for 216 times 1
find food for 217 times 1
____________________________
the step now is  75556
the time is 0624210916
the memory is 9000
the e_greedy is 0.738876861847355
____________________________
find food for 218 times 1
find food for 219 times 1
____________________________
the step now is  77568
the time is 0624210948
the memory is 9000
the e_greedy is 0.7329542454390721
____________________________
find food for 220 times 1
find food for 221 times 1
find food for 222 times 1
____________________________
the step now is  79411
the time is 0624211018
the memory is 9000
the e_greedy is 0.7275707745962144
____________________________
find food for 223 times 1
find food for 224 times 1
find food for 225 times 1
____________________________
the step now is  81414
the time is 0624211051
the memory is 9000
the e_greedy is 0.721764767472989
____________________________
find food for 226 times 1
____________________________
the step now is  83731
the time is 0624211128
the memory is 9000
the e_greedy is 0.7151063543551924
____________________________
find food for 227 times 1
____________________________
the step now is  85929
the time is 0624211205
the memory is 9000
the e_greedy is 0.7088466970633465
____________________________
find food for 228 times 1
find food for 229 times 1
____________________________
the step now is  87969
the time is 0624211239
the memory is 9000
the e_greedy is 0.7030860434467445
____________________________
find food for 230 times 1
find food for 231 times 1
find food for 232 times 1
find food for 233 times 1
____________________________
the step now is  89877
the time is 0624211310
the memory is 9000
the e_greedy is 0.6977405152456864
____________________________
find food for 234 times 1
find food for 235 times 1
find food for 236 times 1
find food for 237 times 1
____________________________
the step now is  91879
the time is 0624211343
the memory is 9000
the e_greedy is 0.69217532197385
____________________________
find food for 238 times 1
find food for 239 times 1
find food for 240 times 1
find food for 241 times 1
____________________________
the step now is  93632
the time is 0624211411
the memory is 9000
the e_greedy is 0.6873387654005417
____________________________
find food for 242 times 1
find food for 243 times 1
find food for 244 times 1
____________________________
the step now is  95709
the time is 0624211445
the memory is 9000
the e_greedy is 0.6816520104273911
____________________________
find food for 245 times 1
find food for 246 times 1
find food for 247 times 1
find food for 248 times 1
find food for 249 times 1
____________________________
the step now is  97566
the time is 0624211516
the memory is 9000
the e_greedy is 0.676607457956302
____________________________
find food for 250 times 1
find food for 251 times 1
____________________________
the step now is  99663
the time is 0624211550
the memory is 9000
the e_greedy is 0.6709558107441392
____________________________
find food for 252 times 1
find food for 253 times 1
find food for 254 times 1
find food for 255 times 1
find food for 256 times 1
find food for 257 times 1
____________________________
the step now is  101140
the time is 0624211616
the memory is 9000
the e_greedy is 0.6670034904644974
____________________________
find food for 258 times 1
find food for 259 times 1
find food for 260 times 1
____________________________
the step now is  103153
the time is 0624211649
the memory is 9000
the e_greedy is 0.6616543429280939
____________________________
find food for 261 times 1
find food for 262 times 1
find food for 263 times 1
____________________________
the step now is  105084
the time is 0624211720
the memory is 9000
the e_greedy is 0.6565634112718385
____________________________
find food for 264 times 1
find food for 265 times 1
find food for 266 times 1
____________________________
the step now is  107113
the time is 0624211753
the memory is 9000
the e_greedy is 0.6512563079824066
____________________________
find food for 267 times 1
find food for 268 times 1
find food for 269 times 1
find food for 270 times 1
____________________________
the step now is  108851
the time is 0624211822
the memory is 9000
the e_greedy is 0.6467444754307677
____________________________
find food for 271 times 1
find food for 272 times 1
____________________________
the step now is  110929
the time is 0624211855
the memory is 9000
the e_greedy is 0.6413910151541163
____________________________
find food for 273 times 1
find food for 274 times 1
find food for 275 times 1
find food for 276 times 1
find food for 277 times 1
find food for 278 times 1
find food for 279 times 1
____________________________
the step now is  112440
the time is 0624211920
the memory is 9000
the e_greedy is 0.6375261392787189
____________________________
find food for 280 times 1
find food for 281 times 1
find food for 282 times 1
____________________________
the step now is  114316
the time is 0624211950
the memory is 9000
the e_greedy is 0.6327600478694084
____________________________
find food for 283 times 1
find food for 284 times 1
find food for 285 times 1
find food for 286 times 1
____________________________
the step now is  116037
the time is 0624212018
the memory is 9000
the e_greedy is 0.6284190864321124
____________________________
find food for 287 times 1
find food for 288 times 1
find food for 289 times 1
find food for 290 times 1
find food for 291 times 1
____________________________
the step now is  117687
the time is 0624212045
the memory is 9000
the e_greedy is 0.6242851773676522
____________________________
find food for 292 times 1
find food for 293 times 1
find food for 294 times 1
find food for 295 times 1
____________________________
the step now is  119624
the time is 0624212116
the memory is 9000
the e_greedy is 0.619466905901052
____________________________
find food for 296 times 1
find food for 297 times 1
find food for 298 times 1
find food for 299 times 1
____________________________
the step now is  121418
the time is 0624212145
the memory is 9000
the e_greedy is 0.6150375230176559
____________________________
find food for 300 times 1
find food for 301 times 1
find food for 302 times 1
find food for 303 times 1
____________________________
the step now is  123006
the time is 0624212210
the memory is 9000
the e_greedy is 0.6111431861792651
____________________________
____________________________
the step now is  125416
the time is 0624212248
the memory is 9000
the e_greedy is 0.6052800714820094
____________________________
find food for 304 times 1
find food for 305 times 1
find food for 306 times 1
find food for 307 times 1
find food for 308 times 1
find food for 309 times 1
____________________________
the step now is  126807
the time is 0624212311
the memory is 9000
the e_greedy is 0.6019216449710401
____________________________
find food for 310 times 1
find food for 311 times 1
find food for 312 times 1
____________________________
the step now is  128668
the time is 0624212341
the memory is 9000
the e_greedy is 0.5974575761241093
____________________________
find food for 313 times 1
find food for 314 times 1
find food for 315 times 1
find food for 316 times 1
find food for 317 times 1
find food for 318 times 1
find food for 319 times 1
____________________________
the step now is  130069
the time is 0624212404
the memory is 9000
the e_greedy is 0.5941187878899732
____________________________
find food for 320 times 1
find food for 321 times 1
____________________________
the step now is  132263
the time is 0624212439
the memory is 9000
the e_greedy is 0.5889276135980986
____________________________
find food for 322 times 1
find food for 323 times 1
find food for 324 times 1
find food for 325 times 1
find food for 326 times 1
find food for 327 times 1
____________________________
the step now is  134086
the time is 0624212509
the memory is 9000
the e_greedy is 0.5846487730523475
____________________________
find food for 328 times 1
find food for 329 times 1
find food for 330 times 1
____________________________
the step now is  136207
the time is 0624212543
the memory is 9000
the e_greedy is 0.5797095944833471
____________________________
find food for 331 times 1
____________________________
the step now is  138455
the time is 0624212619
the memory is 9000
the e_greedy is 0.5745202122383645
____________________________
find food for 332 times 1
____________________________
the step now is  140714
the time is 0624212656
the memory is 9000
the e_greedy is 0.5693522317001004
____________________________
find food for 333 times 1
____________________________
the step now is  143076
the time is 0624212734
the memory is 9000
the e_greedy is 0.5639983235035118
____________________________
find food for 334 times 1
____________________________
the step now is  145411
the time is 0624212813
the memory is 9000
the e_greedy is 0.5587551031174263
____________________________
find food for 335 times 1
find food for 336 times 1
find food for 337 times 1
____________________________
the step now is  147350
the time is 0624212843
the memory is 9000
the e_greedy is 0.5544381612787388
____________________________
find food for 338 times 1
find food for 339 times 1
find food for 340 times 1
find food for 341 times 1
find food for 342 times 1
find food for 343 times 1
____________________________
the step now is  148592
the time is 0624212904
the memory is 9000
the e_greedy is 0.5516905432279109
____________________________
find food for 344 times 1
____________________________
the step now is  150786
the time is 0624212939
the memory is 9000
the e_greedy is 0.5468700901073383
____________________________
find food for 345 times 1
find food for 346 times 1
find food for 347 times 1
find food for 348 times 1
find food for 349 times 1
____________________________
the step now is  152499
the time is 0624213007
the memory is 9000
the e_greedy is 0.5431357447277781
____________________________
find food for 350 times 1
find food for 351 times 1
find food for 352 times 1
____________________________
the step now is  154412
the time is 0624213038
the memory is 9000
the e_greedy is 0.5389955306699521
____________________________
find food for 353 times 1
find food for 354 times 1
____________________________
the step now is  156552
the time is 0624213112
the memory is 9000
the e_greedy is 0.5344014197742702
____________________________
find food for 355 times 1
____________________________
the step now is  158761
the time is 0624213147
the memory is 9000
the e_greedy is 0.5297002491877069
____________________________
find food for 356 times 1
find food for 357 times 1
find food for 358 times 1
find food for 359 times 1
____________________________
the step now is  160735
the time is 0624213220
the memory is 9000
the e_greedy is 0.5255342052067
____________________________
find food for 360 times 1
find food for 361 times 1
____________________________
the step now is  162820
the time is 0624213252
the memory is 9000
the e_greedy is 0.5211694761546728
____________________________
find food for 362 times 1
find food for 363 times 1
____________________________
the step now is  164819
the time is 0624213325
the memory is 9000
the e_greedy is 0.5170188214554975
____________________________
find food for 364 times 1
find food for 365 times 1
____________________________
the step now is  166853
the time is 0624213357
the memory is 9000
the e_greedy is 0.5128294219110562
____________________________
____________________________
the step now is  169263
the time is 0624213436
the memory is 9000
the e_greedy is 0.5079094984155663
____________________________
find food for 366 times 1
find food for 367 times 1
____________________________
the step now is  171311
the time is 0624213509
the memory is 9000
the e_greedy is 0.503765699976726
____________________________
find food for 368 times 1
find food for 369 times 1
____________________________
the step now is  173421
the time is 0624213543
the memory is 9000
the e_greedy is 0.4995318096191394
____________________________
find food for 370 times 1
find food for 371 times 1
find food for 372 times 1
____________________________
the step now is  175492
the time is 0624213616
the memory is 9000
the e_greedy is 0.49541078097588226
____________________________
find food for 373 times 1
find food for 374 times 1
____________________________
the step now is  177536
the time is 0624213648
the memory is 9000
the e_greedy is 0.4913768157519652
____________________________
find food for 375 times 1
find food for 376 times 1
find food for 377 times 1
____________________________
the step now is  179439
the time is 0624213719
the memory is 9000
the e_greedy is 0.48765065518947986
____________________________
find food for 378 times 1
____________________________
the step now is  181627
the time is 0624213753
the memory is 9000
the e_greedy is 0.4834013587004549
____________________________
find food for 379 times 1
find food for 380 times 1
find food for 381 times 1
____________________________
the step now is  183519
the time is 0624213823
the memory is 9000
the e_greedy is 0.4797567856772422
____________________________
find food for 382 times 1
find food for 383 times 1
find food for 384 times 1
find food for 385 times 1
____________________________
the step now is  185290
the time is 0624213851
the memory is 9000
the e_greedy is 0.4763701980632645
____________________________
find food for 386 times 1
find food for 387 times 1
find food for 388 times 1
find food for 389 times 1
find food for 390 times 1
____________________________
the step now is  186811
the time is 0624213915
the memory is 9000
the e_greedy is 0.47348076036045894
____________________________
find food for 391 times 1
find food for 392 times 1
find food for 393 times 1
____________________________
the step now is  188784
the time is 0624213947
the memory is 9000
the e_greedy is 0.46975875654506594
____________________________
find food for 394 times 1
find food for 395 times 1
find food for 396 times 1
____________________________
the step now is  190948
the time is 0624214022
the memory is 9000
the e_greedy is 0.46571007273134635
____________________________
find food for 397 times 1
____________________________
the step now is  193279
the time is 0624214058
the memory is 9000
the e_greedy is 0.46138797295483575
____________________________
find food for 398 times 1
find food for 399 times 1
____________________________
the step now is  195269
the time is 0624214130
the memory is 9000
the e_greedy is 0.4577299031231215
____________________________
find food for 400 times 1
____________________________
the step now is  197447
the time is 0624214204
the memory is 9000
the e_greedy is 0.4537594804806854
____________________________
find food for 401 times 1
find food for 402 times 1
____________________________
the step now is  199580
the time is 0624214237
the memory is 9000
the e_greedy is 0.4499044734386812
____________________________
find food for 403 times 1
____________________________
the step now is  201761
the time is 0624214312
the memory is 9000
the e_greedy is 0.4459965778382137
____________________________
find food for 404 times 1
find food for 405 times 1
find food for 406 times 1
____________________________
the step now is  203653
the time is 0624214342
the memory is 9000
the e_greedy is 0.4426340157212927
____________________________
find food for 407 times 1
find food for 408 times 1
find food for 409 times 1
____________________________
the step now is  205559
the time is 0624214413
the memory is 9000
the e_greedy is 0.4392722054898935
____________________________
find food for 410 times 1
____________________________
the step now is  207732
the time is 0624214448
the memory is 9000
the e_greedy is 0.43547059720392195
____________________________
find food for 411 times 1
find food for 412 times 1
find food for 413 times 1
find food for 414 times 1
find food for 415 times 1
find food for 416 times 1
____________________________
the step now is  209237
the time is 0624214512
the memory is 9000
the e_greedy is 0.43285693921263757
____________________________
find food for 417 times 1
____________________________
the step now is  211499
the time is 0624214548
the memory is 9000
the e_greedy is 0.42895811450809934
____________________________
____________________________
the step now is  213909
the time is 0624214626
the memory is 9000
the e_greedy is 0.4248428258448927
____________________________
find food for 418 times 1
find food for 419 times 1
find food for 420 times 1
find food for 421 times 1
____________________________
the step now is  215625
the time is 0624214653
the memory is 9000
the e_greedy is 0.4219366899567465
____________________________
____________________________
the step now is  218035
the time is 0624214732
the memory is 9000
the e_greedy is 0.41788876262295277
____________________________
find food for 422 times 1
____________________________
the step now is  220206
the time is 0624214806
the memory is 9000
the e_greedy is 0.4142755279798544
____________________________
find food for 423 times 1
find food for 424 times 1
____________________________
the step now is  222290
the time is 0624214839
the memory is 9000
the e_greedy is 0.41083648104086423
____________________________
find food for 425 times 1
find food for 426 times 1
____________________________
the step now is  224467
the time is 0624214914
the memory is 9000
the e_greedy is 0.4072744485622025
____________________________
find food for 427 times 1
find food for 428 times 1
find food for 429 times 1
find food for 430 times 1
find food for 431 times 1
____________________________
the step now is  225928
the time is 0624214937
the memory is 9000
the e_greedy is 0.40490127784375074
____________________________
find food for 432 times 1
____________________________
the step now is  228164
the time is 0624215012
the memory is 9000
the e_greedy is 0.4012959877059865
____________________________
find food for 433 times 1
find food for 434 times 1
find food for 435 times 1
find food for 436 times 1
find food for 437 times 1
find food for 438 times 1
____________________________
the step now is  229246
the time is 0624215029
the memory is 9000
the e_greedy is 0.39956293170961066
____________________________
find food for 439 times 1
____________________________
the step now is  231488
the time is 0624215105
the memory is 9000
the e_greedy is 0.3959956708438158
____________________________
find food for 440 times 1
find food for 441 times 1
find food for 442 times 1
____________________________
the step now is  233294
the time is 0624215134
the memory is 9000
the e_greedy is 0.393145306031136
____________________________
____________________________
the step now is  235704
the time is 0624215212
the memory is 9000
the e_greedy is 0.3893735941409013
____________________________
find food for 443 times 1
find food for 444 times 1
____________________________
the step now is  237717
the time is 0624215244
the memory is 9000
the e_greedy is 0.3862509466111427
____________________________
find food for 445 times 1
____________________________
the step now is  239981
the time is 0624215319
the memory is 9000
the e_greedy is 0.3827688487751676
____________________________
find food for 446 times 1
find food for 447 times 1
find food for 448 times 1
find food for 449 times 1
____________________________
the step now is  241679
the time is 0624215347
the memory is 9000
the e_greedy is 0.38017789160517235
____________________________
find food for 450 times 1
find food for 451 times 1
____________________________
the step now is  243681
the time is 0624215419
the memory is 9000
the e_greedy is 0.37714558461105
____________________________
find food for 452 times 1
____________________________
the step now is  245970
the time is 0624215455
the memory is 9000
the e_greedy is 0.373708199998738
____________________________
find food for 453 times 1
____________________________
the step now is  248339
the time is 0624215533
the memory is 9000
the e_greedy is 0.37018366670790687
____________________________
find food for 454 times 1
find food for 455 times 1
____________________________
the step now is  250429
the time is 0624215606
the memory is 9000
the e_greedy is 0.36710183127533647
____________________________
find food for 456 times 1
find food for 457 times 1
____________________________
the step now is  252658
the time is 0624215641
the memory is 9000
the e_greedy is 0.36384329946888083
____________________________
find food for 458 times 1
____________________________
the step now is  254919
the time is 0624215718
the memory is 9000
the e_greedy is 0.36056753599899694
____________________________
find food for 459 times 1
____________________________
the step now is  257194
the time is 0624215755
the memory is 9000
the e_greedy is 0.35730125553753167
____________________________
find food for 460 times 1
find food for 461 times 1
find food for 462 times 1
find food for 463 times 1
____________________________
the step now is  258878
the time is 0624215822
the memory is 9000
the e_greedy is 0.3549025621493542
____________________________
____________________________
the step now is  261288
the time is 0624215900
the memory is 9000
the e_greedy is 0.3514977390648647
____________________________
find food for 464 times 1
____________________________
the step now is  263474
the time is 0624215935
the memory is 9000
the e_greedy is 0.3484376410801419
____________________________
find food for 465 times 1
find food for 466 times 1
find food for 467 times 1
____________________________
the step now is  265408
the time is 0624220006
the memory is 9000
the e_greedy is 0.3457525269014197
____________________________
find food for 468 times 1
____________________________
the step now is  267770
the time is 0624220043
the memory is 9000
the e_greedy is 0.34250124029059675
____________________________
find food for 469 times 1
____________________________
the step now is  270009
the time is 0624220120
the memory is 9000
the e_greedy is 0.33944749426894294
____________________________
find food for 470 times 1
find food for 471 times 1
find food for 472 times 1
____________________________
the step now is  271864
the time is 0624220150
the memory is 9000
the e_greedy is 0.33693811517102507
____________________________
find food for 473 times 1
find food for 474 times 1
find food for 475 times 1
find food for 476 times 1
____________________________
the step now is  273515
the time is 0624220216
the memory is 9000
the e_greedy is 0.3347203071210154
____________________________
____________________________
the step now is  275925
the time is 0624220255
the memory is 9000
the e_greedy is 0.33150910621665725
____________________________
find food for 477 times 1
____________________________
the step now is  278132
the time is 0624220330
the memory is 9000
the e_greedy is 0.3285954237441953
____________________________
find food for 478 times 1
find food for 479 times 1
____________________________
the step now is  280224
the time is 0624220404
the memory is 9000
the e_greedy is 0.32585720990325473
____________________________
find food for 480 times 1
find food for 481 times 1
____________________________
the step now is  282319
the time is 0624220437
the memory is 9000
the e_greedy is 0.3231379361545347
____________________________
find food for 482 times 1
____________________________
the step now is  284580
the time is 0624220513
the memory is 9000
the e_greedy is 0.3202286522717921
____________________________
find food for 483 times 1
find food for 484 times 1
find food for 485 times 1
____________________________
the step now is  286366
the time is 0624220541
the memory is 9000
the e_greedy is 0.3179490910676888
____________________________
find food for 486 times 1
find food for 487 times 1
find food for 488 times 1
____________________________
the step now is  288462
the time is 0624220615
the memory is 9000
the e_greedy is 0.3152945492766478
____________________________
____________________________
the step now is  290872
the time is 0624220654
the memory is 9000
the e_greedy is 0.3122697129573792
____________________________
find food for 489 times 1
find food for 490 times 1
____________________________
the step now is  292950
the time is 0624220727
the memory is 9000
the e_greedy is 0.3096848845322038
____________________________
find food for 491 times 1
find food for 492 times 1
____________________________
the step now is  295018
the time is 0624220801
the memory is 9000
the e_greedy is 0.30713373725952015
____________________________
find food for 493 times 1
find food for 494 times 1
find food for 495 times 1
____________________________
the step now is  296936
the time is 0624220832
the memory is 9000
the e_greedy is 0.304786423038102
____________________________
find food for 496 times 1
____________________________
the step now is  299115
the time is 0624220907
the memory is 9000
the e_greedy is 0.3021414481201722
____________________________
find food for 497 times 1
find food for 498 times 1
find food for 499 times 1
find food for 500 times 1
____________________________
the step now is  300778
the time is 0624220933
the memory is 9000
the e_greedy is 0.3001382731537678
____________________________
find food for 501 times 1
find food for 502 times 1
____________________________
the step now is  302903
the time is 0624221008
the memory is 9000
the e_greedy is 0.3
____________________________
find food for 503 times 1
____________________________
the step now is  305080
the time is 0624221043
the memory is 9000
the e_greedy is 0.3
____________________________
find food for 504 times 1
find food for 505 times 1
find food for 506 times 1
find food for 507 times 1
____________________________
the step now is  306806
the time is 0624221111
the memory is 9000
the e_greedy is 0.3
____________________________
find food for 508 times 1
find food for 509 times 1
find food for 510 times 1
____________________________
the step now is  308688
the time is 0624221141
the memory is 9000
the e_greedy is 0.3
____________________________
find food for 511 times 1
find food for 512 times 1
find food for 513 times 1
find food for 514 times 1
target net par is OrderedDict([('fc_1.weight', tensor([[-0.1047, -0.0459, -0.0969,  ..., -0.1277,  0.0137, -0.0689],
        [-0.1106, -0.1137,  0.0600,  ..., -0.0140, -0.0550,  0.0158],
        [ 0.0134,  0.2089,  0.1491,  ...,  0.1069,  0.1902,  0.1425],
        ...,
        [ 0.0152,  0.1031,  0.0786,  ...,  0.1175,  0.1400,  0.1375],
        [ 0.0295, -0.0281,  0.0030,  ..., -0.0256, -0.0525,  0.0262],
        [ 0.0227, -0.0288,  0.0240,  ..., -0.0461, -0.1140, -0.1143]])), ('fc_1.bias', tensor([-0.0669, -0.1114, -0.0105, -0.0973, -0.0267,  0.0566, -0.0694, -0.0703,
        -0.0154, -0.0700, -0.0096, -0.0134, -0.0865, -0.0379, -0.0047, -0.0962,
        -0.0602, -0.0616, -0.0393, -0.0940, -0.0589, -0.0082, -0.0305, -0.1212,
        -0.0296, -0.0154, -0.0385,  0.0100,  0.0075,  0.0737,  0.0641, -0.0823])), ('fc_2.weight', tensor([[ 0.1071,  0.0553, -0.1160,  0.0393, -0.0561,  0.1213, -0.1176, -0.2369,
         -0.0275,  0.1185, -0.1388, -0.1933, -0.0966, -0.2428, -0.1953, -0.1676,
         -0.0730, -0.0703, -0.0066, -0.2191, -0.0345,  0.1007, -0.2144, -0.0120,
          0.0910, -0.0380,  0.1609, -0.2197,  0.0325, -0.1462,  0.0454, -0.0188],
        [ 0.0471,  0.1111, -0.2734,  0.1126, -0.0153, -0.0003,  0.0981, -0.1527,
         -0.0828,  0.0885, -0.0342, -0.1785, -0.1702, -0.2136, -0.1941, -0.0897,
         -0.0199, -0.0083, -0.1564, -0.0023, -0.0409,  0.0840, -0.2270, -0.1225,
         -0.0792, -0.2365,  0.1186, -0.0903,  0.0847, -0.0675, -0.1260,  0.0465],
        [-0.0842, -0.0395, -0.0802,  0.1527,  0.0469,  0.0966,  0.0023, -0.0996,
         -0.1585, -0.0828,  0.0120, -0.2379, -0.1951, -0.0674, -0.0216, -0.0070,
         -0.1336, -0.0692, -0.0658, -0.2013,  0.0679,  0.1548, -0.2035, -0.0906,
         -0.0313, -0.2569,  0.1709, -0.1898,  0.0646, -0.2257,  0.0709,  0.0106],
        [ 0.0847,  0.1084, -0.2681,  0.1220,  0.0607, -0.0400, -0.2051, -0.2248,
         -0.0314,  0.0889, -0.0062, -0.1933, -0.0416, -0.2248, -0.0503, -0.1420,
         -0.2247, -0.0381, -0.2082, -0.0213, -0.1640,  0.0195,  0.0047, -0.1296,
         -0.0992, -0.1560,  0.1101,  0.0207,  0.0721, -0.2381,  0.0958,  0.0632]])), ('fc_2.bias', tensor([-0.1425,  0.1334, -0.0056, -0.1198]))])
____________________________
the step now is  310000
the time is 0624221203
the memory is 9000
the e_greedy is 0.3
____________________________
find food for 515 times 1
____________________________
the step now is  312208
the time is 0624221239
the memory is 9000
the e_greedy is 0.3
____________________________
find food for 516 times 1
find food for 517 times 1
____________________________
the step now is  314303
the time is 0624221314
the memory is 9000
the e_greedy is 0.3
____________________________
find food for 518 times 1
____________________________
the step now is  316575
the time is 0624221349
the memory is 9000
the e_greedy is 0.3
____________________________
find food for 519 times 1
____________________________
the step now is  318917
the time is 0624221427
the memory is 9000
the e_greedy is 0.3
____________________________
find food for 520 times 1
____________________________
the step now is  321168
the time is 0624221503
the memory is 9000
the e_greedy is 0.3
____________________________
find food for 521 times 1
find food for 522 times 1
____________________________
the step now is  323228
the time is 0624221537
the memory is 9000
the e_greedy is 0.3
____________________________
find food for 523 times 1
____________________________
the step now is  325400
the time is 0624221612
the memory is 9000
the e_greedy is 0.3
____________________________
find food for 524 times 1
____________________________
the step now is  327731
the time is 0624221649
the memory is 9000
the e_greedy is 0.3
____________________________
____________________________
the step now is  330141
the time is 0624221727
the memory is 9000
the e_greedy is 0.3
____________________________
find food for 525 times 1
find food for 526 times 1
____________________________
the step now is  332280
the time is 0624221802
the memory is 9000
the e_greedy is 0.3
____________________________
find food for 527 times 1
____________________________
the step now is  334496
the time is 0624221837
the memory is 9000
the e_greedy is 0.3
____________________________
____________________________
the step now is  336906
the time is 0624221916
the memory is 9000
the e_greedy is 0.3
____________________________
find food for 528 times 1
find food for 529 times 1
____________________________
the step now is  338987
the time is 0624221948
the memory is 9000
the e_greedy is 0.3
____________________________
target net par is OrderedDict([('fc_1.weight', tensor([[-0.1027, -0.0453, -0.0970,  ..., -0.1289,  0.0135, -0.0695],
        [-0.1108, -0.1146,  0.0588,  ..., -0.0145, -0.0560,  0.0158],
        [ 0.0053,  0.2094,  0.1475,  ...,  0.1089,  0.1932,  0.1447],
        ...,
        [ 0.0080,  0.1058,  0.0801,  ...,  0.1193,  0.1407,  0.1390],
        [ 0.0334, -0.0280,  0.0033,  ..., -0.0241, -0.0423,  0.0282],
        [ 0.0210, -0.0298,  0.0219,  ..., -0.0471, -0.1159, -0.1159]])), ('fc_1.bias', tensor([-0.0676, -0.1125, -0.0209, -0.0978, -0.0264,  0.0555, -0.0731, -0.0802,
        -0.0224, -0.0669, -0.0109, -0.0224, -0.0952, -0.0476, -0.0094, -0.0987,
        -0.0657, -0.0710, -0.0484, -0.1026, -0.0631, -0.0085, -0.0395, -0.1255,
        -0.0314, -0.0252, -0.0395,  0.0022,  0.0064,  0.0634,  0.0667, -0.0843])), ('fc_2.weight', tensor([[ 0.1066,  0.0551, -0.1170,  0.0392, -0.0568,  0.1204, -0.1221, -0.2385,
         -0.0291,  0.1175, -0.1420, -0.1961, -0.1009, -0.2437, -0.1972, -0.1720,
         -0.0771, -0.0753, -0.0087, -0.2221, -0.0385,  0.1000, -0.2167, -0.0162,
          0.0861, -0.0392,  0.1607, -0.2200,  0.0325, -0.1472,  0.0447, -0.0189],
        [ 0.0461,  0.1107, -0.2746,  0.1124, -0.0164, -0.0028,  0.0912, -0.1534,
         -0.0860,  0.0863, -0.0398, -0.1843, -0.1760, -0.2137, -0.1990, -0.0984,
         -0.0282, -0.0162, -0.1572, -0.0030, -0.0470,  0.0830, -0.2293, -0.1307,
         -0.0841, -0.2360,  0.1183, -0.0890,  0.0818, -0.0682, -0.1287,  0.0461],
        [-0.0845, -0.0399, -0.0807,  0.1520,  0.0467,  0.0957, -0.0048, -0.1010,
         -0.1621, -0.0837,  0.0073, -0.2398, -0.1989, -0.0682, -0.0272, -0.0102,
         -0.1435, -0.0722, -0.0674, -0.2007,  0.0634,  0.1541, -0.2043, -0.0952,
         -0.0334, -0.2563,  0.1704, -0.1891,  0.0636, -0.2260,  0.0712,  0.0101],
        [ 0.0841,  0.1074, -0.2682,  0.1203,  0.0575, -0.0416, -0.2081, -0.2238,
         -0.0397,  0.0853, -0.0139, -0.2001, -0.0465, -0.2262, -0.0592, -0.1504,
         -0.2301, -0.0437, -0.2121, -0.0222, -0.1698,  0.0157,  0.0045, -0.1352,
         -0.1025, -0.1553,  0.1100,  0.0209,  0.0686, -0.2386,  0.0934,  0.0619]])), ('fc_2.bias', tensor([-0.1392,  0.1397, -0.0021, -0.1119]))])
find food for 530 times 1
____________________________
the step now is  340977
the time is 0624222020
the memory is 9000
the e_greedy is 0.3
____________________________
find food for 531 times 1
find food for 532 times 1
____________________________
the step now is  343206
the time is 0624222056
the memory is 9000
the e_greedy is 0.3
____________________________
find food for 533 times 1
find food for 534 times 1
____________________________
the step now is  345162
the time is 0624222127
the memory is 9000
the e_greedy is 0.3
____________________________
find food for 535 times 1
find food for 536 times 1
____________________________
the step now is  347316
the time is 0624222202
the memory is 9000
the e_greedy is 0.3
____________________________
find food for 537 times 1
find food for 538 times 1
____________________________
the step now is  349471
the time is 0624222236
the memory is 9000
the e_greedy is 0.3
____________________________
find food for 539 times 1
find food for 540 times 1
find food for 541 times 1
____________________________
the step now is  351487
the time is 0624222309
the memory is 9000
the e_greedy is 0.3
____________________________
____________________________
the step now is  353897
the time is 0624222348
the memory is 9000
the e_greedy is 0.3
____________________________
find food for 542 times 1
find food for 543 times 1
____________________________
the step now is  355944
the time is 0624222421
the memory is 9000
the e_greedy is 0.3
____________________________
find food for 544 times 1
____________________________
the step now is  358137
the time is 0624222456
the memory is 9000
the e_greedy is 0.3
____________________________
find food for 545 times 1
find food for 546 times 1
____________________________
the step now is  360251
the time is 0624222530
the memory is 9000
the e_greedy is 0.3
____________________________
find food for 547 times 1
____________________________
the step now is  362511
the time is 0624222607
the memory is 9000
the e_greedy is 0.3
____________________________
find food for 548 times 1
____________________________
the step now is  364893
the time is 0624222645
the memory is 9000
the e_greedy is 0.3
____________________________
find food for 549 times 1
____________________________
the step now is  367273
the time is 0624222723
the memory is 9000
the e_greedy is 0.3
____________________________
find food for 550 times 1
____________________________
the step now is  369456
the time is 0624222759
the memory is 9000
the e_greedy is 0.3
____________________________
find food for 551 times 1
find food for 552 times 1
target net par is OrderedDict([('fc_1.weight', tensor([[-0.1014, -0.0444, -0.0966,  ..., -0.1296,  0.0135, -0.0696],
        [-0.1118, -0.1154,  0.0586,  ..., -0.0154, -0.0571,  0.0156],
        [-0.0006,  0.2091,  0.1451,  ...,  0.1105,  0.1918,  0.1449],
        ...,
        [ 0.0051,  0.1079,  0.0815,  ...,  0.1207,  0.1395,  0.1386],
        [ 0.0335, -0.0297,  0.0019,  ..., -0.0242, -0.0446,  0.0281],
        [ 0.0200, -0.0304,  0.0216,  ..., -0.0475, -0.1164, -0.1164]])), ('fc_1.bias', tensor([-0.0677, -0.1144, -0.0307, -0.0985, -0.0247,  0.0544, -0.0779, -0.0900,
        -0.0241, -0.0645, -0.0102, -0.0302, -0.1067, -0.0574, -0.0161, -0.1038,
        -0.0751, -0.0786, -0.0576, -0.1126, -0.0711, -0.0096, -0.0505, -0.1335,
        -0.0308, -0.0348, -0.0403, -0.0075,  0.0048,  0.0539,  0.0644, -0.0849])), ('fc_2.weight', tensor([[ 0.1063,  0.0548, -0.1158,  0.0390, -0.0580,  0.1198, -0.1262, -0.2392,
         -0.0337,  0.1173, -0.1442, -0.1972, -0.1048, -0.2420, -0.1984, -0.1759,
         -0.0836, -0.0783, -0.0111, -0.2215, -0.0409,  0.0994, -0.2184, -0.0215,
          0.0828, -0.0383,  0.1605, -0.2189,  0.0317, -0.1460,  0.0441, -0.0191],
        [ 0.0455,  0.1088, -0.2733,  0.1118, -0.0175, -0.0043,  0.0839, -0.1510,
         -0.0918,  0.0850, -0.0451, -0.1873, -0.1790, -0.2140, -0.2036, -0.1054,
         -0.0350, -0.0197, -0.1595, -0.0036, -0.0516,  0.0816, -0.2281, -0.1367,
         -0.0867, -0.2350,  0.1175, -0.0869,  0.0800, -0.0668, -0.1304,  0.0457],
        [-0.0849, -0.0403, -0.0814,  0.1514,  0.0460,  0.0942, -0.0141, -0.0999,
         -0.1680, -0.0859,  0.0006, -0.2415, -0.2035, -0.0678, -0.0347, -0.0184,
         -0.1494, -0.0800, -0.0675, -0.2004,  0.0559,  0.1534, -0.2045, -0.1019,
         -0.0358, -0.2558,  0.1699, -0.1883,  0.0630, -0.2263,  0.0690,  0.0098],
        [ 0.0840,  0.1064, -0.2700,  0.1203,  0.0552, -0.0427, -0.2139, -0.2243,
         -0.0455,  0.0836, -0.0159, -0.2042, -0.0478, -0.2293, -0.0605, -0.1571,
         -0.2329, -0.0499, -0.2128, -0.0230, -0.1748,  0.0131,  0.0026, -0.1399,
         -0.1048, -0.1565,  0.1099,  0.0190,  0.0667, -0.2406,  0.0912,  0.0616]])), ('fc_2.bias', tensor([-0.1346,  0.1470,  0.0018, -0.1067]))])
____________________________
the step now is  371205
the time is 0624222827
the memory is 9000
the e_greedy is 0.3
____________________________
____________________________
the step now is  373615
the time is 0624222907
the memory is 9000
the e_greedy is 0.3
____________________________
find food for 553 times 1
find food for 554 times 1
____________________________
the step now is  375580
the time is 0624222939
the memory is 9000
the e_greedy is 0.3
____________________________
find food for 555 times 1
find food for 556 times 1
find food for 557 times 1
____________________________
the step now is  377375
the time is 0624223008
the memory is 9000
the e_greedy is 0.3
____________________________
find food for 558 times 1
find food for 559 times 1
____________________________
the step now is  379420
the time is 0624223041
the memory is 9000
the e_greedy is 0.3
____________________________
find food for 560 times 1
find food for 561 times 1
____________________________
the step now is  381528
the time is 0624223116
the memory is 9000
the e_greedy is 0.3
____________________________
find food for 562 times 1
find food for 563 times 1
____________________________
the step now is  383553
the time is 0624223149
the memory is 9000
the e_greedy is 0.3
____________________________
find food for 564 times 1
____________________________
the step now is  385830
the time is 0624223227
the memory is 9000
the e_greedy is 0.3
____________________________
find food for 565 times 1
____________________________
the step now is  388004
the time is 0624223302
the memory is 9000
the e_greedy is 0.3
____________________________
____________________________
the step now is  390414
the time is 0624223341
the memory is 9000
the e_greedy is 0.3
____________________________
find food for 566 times 1
____________________________
the step now is  392666
the time is 0624223419
the memory is 9000
the e_greedy is 0.3
____________________________
find food for 567 times 1
find food for 568 times 1
find food for 569 times 1
find food for 570 times 1
____________________________
the step now is  394475
the time is 0624223448
the memory is 9000
the e_greedy is 0.3
____________________________
find food for 571 times 1
find food for 572 times 1
find food for 573 times 1
____________________________
the step now is  396231
the time is 0624223517
the memory is 9000
the e_greedy is 0.3
____________________________
find food for 574 times 1
find food for 575 times 1
____________________________
the step now is  398185
the time is 0624223549
the memory is 9000
the e_greedy is 0.3
____________________________
find food for 576 times 1
find food for 577 times 1
target net par is OrderedDict([('fc_1.weight', tensor([[-0.1015, -0.0442, -0.0961,  ..., -0.1305,  0.0133, -0.0699],
        [-0.1120, -0.1158,  0.0583,  ..., -0.0157, -0.0578,  0.0160],
        [-0.0060,  0.2074,  0.1405,  ...,  0.1110,  0.1932,  0.1432],
        ...,
        [ 0.0049,  0.1083,  0.0804,  ...,  0.1205,  0.1404,  0.1363],
        [ 0.0337, -0.0303,  0.0010,  ..., -0.0227, -0.0376,  0.0292],
        [ 0.0187, -0.0304,  0.0204,  ..., -0.0478, -0.1174, -0.1171]])), ('fc_1.bias', tensor([-0.0683, -0.1153, -0.0414, -0.0988, -0.0242,  0.0536, -0.0822, -0.1003,
        -0.0323, -0.0629, -0.0166, -0.0396, -0.1125, -0.0675, -0.0214, -0.1089,
        -0.0845, -0.0902, -0.0696, -0.1210, -0.0758, -0.0103, -0.0595, -0.1375,
        -0.0327, -0.0442, -0.0421, -0.0151,  0.0041,  0.0438,  0.0652, -0.0859])), ('fc_2.weight', tensor([[ 0.1061,  0.0545, -0.1168,  0.0388, -0.0592,  0.1192, -0.1297, -0.2395,
         -0.0367,  0.1159, -0.1475, -0.1986, -0.1058, -0.2410, -0.2012, -0.1796,
         -0.0880, -0.0828, -0.0109, -0.2209, -0.0442,  0.0989, -0.2194, -0.0262,
          0.0811, -0.0382,  0.1599, -0.2202,  0.0318, -0.1459,  0.0435, -0.0192],
        [ 0.0450,  0.1082, -0.2734,  0.1109, -0.0192, -0.0073,  0.0777, -0.1505,
         -0.1002,  0.0845, -0.0521, -0.1935, -0.1834, -0.2121, -0.2104, -0.1147,
         -0.0427, -0.0275, -0.1598, -0.0032, -0.0583,  0.0801, -0.2263, -0.1458,
         -0.0914, -0.2345,  0.1166, -0.0878,  0.0787, -0.0660, -0.1332,  0.0454],
        [-0.0850, -0.0406, -0.0822,  0.1510,  0.0452,  0.0937, -0.0215, -0.1014,
         -0.1710, -0.0885, -0.0064, -0.2443, -0.2069, -0.0683, -0.0414, -0.0230,
         -0.1551, -0.0815, -0.0691, -0.1993,  0.0507,  0.1532, -0.2046, -0.1041,
         -0.0382, -0.2567,  0.1691, -0.1896,  0.0620, -0.2267,  0.0682,  0.0094],
        [ 0.0838,  0.1056, -0.2684,  0.1194,  0.0494, -0.0435, -0.2193, -0.2226,
         -0.0513,  0.0790, -0.0250, -0.2054, -0.0506, -0.2265, -0.0654, -0.1665,
         -0.2401, -0.0575, -0.2129, -0.0217, -0.1801,  0.0119,  0.0042, -0.1455,
         -0.1085, -0.1540,  0.1089,  0.0215,  0.0655, -0.2375,  0.0883,  0.0611]])), ('fc_2.bias', tensor([-0.1305,  0.1536,  0.0043, -0.0982]))])
find food for 578 times 1
____________________________
the step now is  400020
the time is 0624223619
the memory is 9000
the e_greedy is 0.3
____________________________
